
*** Running vivado
    with args -log padovan.vds -m64 -product Vivado -mode batch -messageDb vivado.pb -notrace -source padovan.tcl



****** Vivado v2025.1 (64-bit)
  **** SW Build 6140274 on Thu May 22 00:12:29 MDT 2025
  **** IP Build 6138677 on Thu May 22 03:10:11 MDT 2025
  **** SharedData Build 6139179 on Tue May 20 17:58:58 MDT 2025
  **** Start of session at: Sun Nov  9 20:18:02 2025
    ** Copyright 1986-2022 Xilinx, Inc. All Rights Reserved.
    ** Copyright 2022-2025 Advanced Micro Devices, Inc. All Rights Reserved.

source padovan.tcl -notrace
create_project: Time (s): cpu = 00:00:08 ; elapsed = 00:00:07 . Memory (MB): peak = 496.477 ; gain = 212.820
Command: synth_design -top padovan -part xc7a35tcpg236-1
Starting synth_design
Attempting to get a license for feature 'Synthesis' and/or device 'xc7a35t'
INFO: [Common 17-349] Got license for feature 'Synthesis' and/or device 'xc7a35t'
INFO: [Device 21-403] Loading part xc7a35tcpg236-1
INFO: [Synth 8-7079] Multithreading enabled for synth_design using a maximum of 2 processes.
INFO: [Synth 8-7078] Launching helper process for spawning children vivado processes
WARNING: [Common 17-1361] You have specified a new message control rule that is equivalent to an existing rule with attributes ' -id {17-179}  -suppress '. The existing rule will be replaced.
INFO: [Synth 8-7075] Helper process launched with PID 20164
---------------------------------------------------------------------------------
Starting RTL Elaboration : Time (s): cpu = 00:00:04 ; elapsed = 00:00:05 . Memory (MB): peak = 1180.316 ; gain = 492.547
---------------------------------------------------------------------------------
INFO: [Synth 8-6157] synthesizing module 'padovan' [C:/Users/santiago/Desktop/Diseno de Sistemas Digitales/actividad7y8/project_1/project_1.srcs/sources_1/new/padovan.sv:23]
INFO: [Synth 8-6155] done synthesizing module 'padovan' (0#1) [C:/Users/santiago/Desktop/Diseno de Sistemas Digitales/actividad7y8/project_1/project_1.srcs/sources_1/new/padovan.sv:23]
WARNING: [Synth 8-87] always_comb on 'state_next_reg' did not result in combinational logic [C:/Users/santiago/Desktop/Diseno de Sistemas Digitales/actividad7y8/project_1/project_1.srcs/sources_1/new/padovan.sv:47]
WARNING: [Synth 8-87] always_comb on 'count_reg' did not result in combinational logic [C:/Users/santiago/Desktop/Diseno de Sistemas Digitales/actividad7y8/project_1/project_1.srcs/sources_1/new/padovan.sv:56]
WARNING: [Synth 8-87] always_comb on 'pNext_reg' did not result in combinational logic [C:/Users/santiago/Desktop/Diseno de Sistemas Digitales/actividad7y8/project_1/project_1.srcs/sources_1/new/padovan.sv:57]
WARNING: [Synth 8-87] always_comb on 'pPrevPrev_reg' did not result in combinational logic [C:/Users/santiago/Desktop/Diseno de Sistemas Digitales/actividad7y8/project_1/project_1.srcs/sources_1/new/padovan.sv:57]
WARNING: [Synth 8-87] always_comb on 'pPrev_reg' did not result in combinational logic [C:/Users/santiago/Desktop/Diseno de Sistemas Digitales/actividad7y8/project_1/project_1.srcs/sources_1/new/padovan.sv:57]
WARNING: [Synth 8-87] always_comb on 'pCurr_reg' did not result in combinational logic [C:/Users/santiago/Desktop/Diseno de Sistemas Digitales/actividad7y8/project_1/project_1.srcs/sources_1/new/padovan.sv:59]
WARNING: [Synth 8-87] always_comb on 'res_reg' did not result in combinational logic [C:/Users/santiago/Desktop/Diseno de Sistemas Digitales/actividad7y8/project_1/project_1.srcs/sources_1/new/padovan.sv:67]
---------------------------------------------------------------------------------
Finished RTL Elaboration : Time (s): cpu = 00:00:06 ; elapsed = 00:00:06 . Memory (MB): peak = 1285.379 ; gain = 597.609
---------------------------------------------------------------------------------
---------------------------------------------------------------------------------
Start Handling Custom Attributes
---------------------------------------------------------------------------------
---------------------------------------------------------------------------------
Finished Handling Custom Attributes : Time (s): cpu = 00:00:06 ; elapsed = 00:00:06 . Memory (MB): peak = 1285.379 ; gain = 597.609
---------------------------------------------------------------------------------
---------------------------------------------------------------------------------
Finished RTL Optimization Phase 1 : Time (s): cpu = 00:00:06 ; elapsed = 00:00:06 . Memory (MB): peak = 1285.379 ; gain = 597.609
---------------------------------------------------------------------------------
Netlist sorting complete. Time (s): cpu = 00:00:00 ; elapsed = 00:00:00.002 . Memory (MB): peak = 1285.379 ; gain = 0.000
INFO: [Project 1-570] Preparing netlist for logic optimization

Processing XDC Constraints
Initializing timing engine
Parsing XDC File [C:/Users/santiago/Desktop/Diseno de Sistemas Digitales/actividad7y8/project_1/project_1.srcs/constrs_1/imports/xdc files/Basys-3-Master.xdc]
Finished Parsing XDC File [C:/Users/santiago/Desktop/Diseno de Sistemas Digitales/actividad7y8/project_1/project_1.srcs/constrs_1/imports/xdc files/Basys-3-Master.xdc]
Completed Processing XDC Constraints

Netlist sorting complete. Time (s): cpu = 00:00:00 ; elapsed = 00:00:00 . Memory (MB): peak = 1357.684 ; gain = 0.000
INFO: [Project 1-111] Unisim Transformation Summary:
No Unisim elements were transformed.

Constraint Validation Runtime : Time (s): cpu = 00:00:00 ; elapsed = 00:00:00.006 . Memory (MB): peak = 1357.684 ; gain = 0.000
---------------------------------------------------------------------------------
Finished Constraint Validation : Time (s): cpu = 00:00:12 ; elapsed = 00:00:13 . Memory (MB): peak = 1357.684 ; gain = 669.914
---------------------------------------------------------------------------------
---------------------------------------------------------------------------------
Start Loading Part and Timing Information
---------------------------------------------------------------------------------
Loading part: xc7a35tcpg236-1
---------------------------------------------------------------------------------
Finished Loading Part and Timing Information : Time (s): cpu = 00:00:12 ; elapsed = 00:00:13 . Memory (MB): peak = 1357.684 ; gain = 669.914
---------------------------------------------------------------------------------
---------------------------------------------------------------------------------
Start Applying 'set_property' XDC Constraints
---------------------------------------------------------------------------------
---------------------------------------------------------------------------------
Finished applying 'set_property' XDC Constraints : Time (s): cpu = 00:00:12 ; elapsed = 00:00:13 . Memory (MB): peak = 1357.684 ; gain = 669.914
---------------------------------------------------------------------------------
INFO: [Synth 8-802] inferred FSM for state register 'state_reg_reg' in module 'padovan'
WARNING: [Synth 8-327] inferring latch for variable 'res_reg' [C:/Users/santiago/Desktop/Diseno de Sistemas Digitales/actividad7y8/project_1/project_1.srcs/sources_1/new/padovan.sv:67]
WARNING: [Synth 8-327] inferring latch for variable 'FSM_sequential_state_next_reg' [C:/Users/santiago/Desktop/Diseno de Sistemas Digitales/actividad7y8/project_1/project_1.srcs/sources_1/new/padovan.sv:47]
WARNING: [Synth 8-327] inferring latch for variable 'FSM_onehot_state_next_reg' [C:/Users/santiago/Desktop/Diseno de Sistemas Digitales/actividad7y8/project_1/project_1.srcs/sources_1/new/padovan.sv:47]
---------------------------------------------------------------------------------------------------
                   State |                     New Encoding |                Previous Encoding 
---------------------------------------------------------------------------------------------------
                   start |                               00 | 00000000000000000000000000000000
                    test |                               01 | 00000000000000000000000000000001
                     sum |                               10 | 00000000000000000000000000000010
                    done |                               11 | 00000000000000000000000000000011
---------------------------------------------------------------------------------------------------
INFO: [Synth 8-3354] encoded FSM with state register 'state_reg_reg' using encoding 'sequential' in module 'padovan'
WARNING: [Synth 8-327] inferring latch for variable 'FSM_sequential_state_next_reg' [C:/Users/santiago/Desktop/Diseno de Sistemas Digitales/actividad7y8/project_1/project_1.srcs/sources_1/new/padovan.sv:47]
WARNING: [Synth 8-327] inferring latch for variable 'pNext_reg' [C:/Users/santiago/Desktop/Diseno de Sistemas Digitales/actividad7y8/project_1/project_1.srcs/sources_1/new/padovan.sv:57]
WARNING: [Synth 8-327] inferring latch for variable 'count_reg' [C:/Users/santiago/Desktop/Diseno de Sistemas Digitales/actividad7y8/project_1/project_1.srcs/sources_1/new/padovan.sv:56]
WARNING: [Synth 8-327] inferring latch for variable 'pPrev_reg' [C:/Users/santiago/Desktop/Diseno de Sistemas Digitales/actividad7y8/project_1/project_1.srcs/sources_1/new/padovan.sv:57]
WARNING: [Synth 8-327] inferring latch for variable 'pPrevPrev_reg' [C:/Users/santiago/Desktop/Diseno de Sistemas Digitales/actividad7y8/project_1/project_1.srcs/sources_1/new/padovan.sv:57]
WARNING: [Synth 8-327] inferring latch for variable 'pCurr_reg' [C:/Users/santiago/Desktop/Diseno de Sistemas Digitales/actividad7y8/project_1/project_1.srcs/sources_1/new/padovan.sv:59]
---------------------------------------------------------------------------------
Finished RTL Optimization Phase 2 : Time (s): cpu = 00:00:12 ; elapsed = 00:00:14 . Memory (MB): peak = 1357.684 ; gain = 669.914
---------------------------------------------------------------------------------
---------------------------------------------------------------------------------
Start RTL Component Statistics 
---------------------------------------------------------------------------------
Detailed RTL Component Info : 
+---Adders : 
	   2 Input   17 Bit       Adders := 2     
+---Muxes : 
	   4 Input    2 Bit        Muxes := 1     
	   2 Input    2 Bit        Muxes := 3     
	   4 Input    1 Bit        Muxes := 4     
---------------------------------------------------------------------------------
Finished RTL Component Statistics 
---------------------------------------------------------------------------------
---------------------------------------------------------------------------------
Start Part Resource Summary
---------------------------------------------------------------------------------
Part Resources:
DSPs: 90 (col length:60)
BRAMs: 100 (col length: RAMB18 60 RAMB36 30)
---------------------------------------------------------------------------------
Finished Part Resource Summary
---------------------------------------------------------------------------------
---------------------------------------------------------------------------------
Start Cross Boundary and Area Optimization
---------------------------------------------------------------------------------
WARNING: [Synth 8-7080] Parallel synthesis criteria is not met
WARNING: [Synth 8-3332] Sequential element (res_reg[16]) is unused and will be removed from module padovan.
WARNING: [Synth 8-3332] Sequential element (res_reg[0]) is unused and will be removed from module padovan.
WARNING: [Synth 8-3332] Sequential element (FSM_sequential_state_reg_reg[1]) is unused and will be removed from module padovan.
WARNING: [Synth 8-3332] Sequential element (FSM_sequential_state_reg_reg[0]) is unused and will be removed from module padovan.
WARNING: [Synth 8-3332] Sequential element (FSM_sequential_state_next_reg[1]) is unused and will be removed from module padovan.
WARNING: [Synth 8-3332] Sequential element (FSM_sequential_state_next_reg[0]) is unused and will be removed from module padovan.
WARNING: [Synth 8-3332] Sequential element (pNext_reg[16]) is unused and will be removed from module padovan.
WARNING: [Synth 8-3332] Sequential element (pNext_reg[15]) is unused and will be removed from module padovan.
WARNING: [Synth 8-3332] Sequential element (pNext_reg[14]) is unused and will be removed from module padovan.
WARNING: [Synth 8-3332] Sequential element (pNext_reg[13]) is unused and will be removed from module padovan.
WARNING: [Synth 8-3332] Sequential element (pNext_reg[12]) is unused and will be removed from module padovan.
WARNING: [Synth 8-3332] Sequential element (pNext_reg[11]) is unused and will be removed from module padovan.
WARNING: [Synth 8-3332] Sequential element (pNext_reg[10]) is unused and will be removed from module padovan.
WARNING: [Synth 8-3332] Sequential element (pNext_reg[9]) is unused and will be removed from module padovan.
WARNING: [Synth 8-3332] Sequential element (pNext_reg[8]) is unused and will be removed from module padovan.
WARNING: [Synth 8-3332] Sequential element (pNext_reg[7]) is unused and will be removed from module padovan.
WARNING: [Synth 8-3332] Sequential element (pNext_reg[6]) is unused and will be removed from module padovan.
WARNING: [Synth 8-3332] Sequential element (pNext_reg[5]) is unused and will be removed from module padovan.
WARNING: [Synth 8-3332] Sequential element (pNext_reg[4]) is unused and will be removed from module padovan.
WARNING: [Synth 8-3332] Sequential element (pNext_reg[3]) is unused and will be removed from module padovan.
WARNING: [Synth 8-3332] Sequential element (pNext_reg[2]) is unused and will be removed from module padovan.
WARNING: [Synth 8-3332] Sequential element (pNext_reg[1]) is unused and will be removed from module padovan.
WARNING: [Synth 8-3332] Sequential element (pNext_reg[0]) is unused and will be removed from module padovan.
CRITICAL WARNING: [Synth 8-6859] multi-driven net on pin Q with 1st driver pin 'pNext_reg[16]__0/Q' [C:/Users/santiago/Desktop/Diseno de Sistemas Digitales/actividad7y8/project_1/project_1.srcs/sources_1/new/padovan.sv:36]
CRITICAL WARNING: [Synth 8-6859] multi-driven net on pin Q with 2nd driver pin 'GND' [C:/Users/santiago/Desktop/Diseno de Sistemas Digitales/actividad7y8/project_1/project_1.srcs/sources_1/new/padovan.sv:36]
CRITICAL WARNING: [Synth 8-6858] multi-driven net Q is connected to at least one constant driver which has been preserved, other driver is ignored [C:/Users/santiago/Desktop/Diseno de Sistemas Digitales/actividad7y8/project_1/project_1.srcs/sources_1/new/padovan.sv:36]
CRITICAL WARNING: [Synth 8-6859] multi-driven net on pin Q with 1st driver pin 'pNext_reg[15]__0/Q' [C:/Users/santiago/Desktop/Diseno de Sistemas Digitales/actividad7y8/project_1/project_1.srcs/sources_1/new/padovan.sv:36]
CRITICAL WARNING: [Synth 8-6859] multi-driven net on pin Q with 2nd driver pin 'GND' [C:/Users/santiago/Desktop/Diseno de Sistemas Digitales/actividad7y8/project_1/project_1.srcs/sources_1/new/padovan.sv:36]
CRITICAL WARNING: [Synth 8-6858] multi-driven net Q is connected to at least one constant driver which has been preserved, other driver is ignored [C:/Users/santiago/Desktop/Diseno de Sistemas Digitales/actividad7y8/project_1/project_1.srcs/sources_1/new/padovan.sv:36]
CRITICAL WARNING: [Synth 8-6859] multi-driven net on pin Q with 1st driver pin 'pNext_reg[14]__0/Q' [C:/Users/santiago/Desktop/Diseno de Sistemas Digitales/actividad7y8/project_1/project_1.srcs/sources_1/new/padovan.sv:36]
CRITICAL WARNING: [Synth 8-6859] multi-driven net on pin Q with 2nd driver pin 'GND' [C:/Users/santiago/Desktop/Diseno de Sistemas Digitales/actividad7y8/project_1/project_1.srcs/sources_1/new/padovan.sv:36]
CRITICAL WARNING: [Synth 8-6858] multi-driven net Q is connected to at least one constant driver which has been preserved, other driver is ignored [C:/Users/santiago/Desktop/Diseno de Sistemas Digitales/actividad7y8/project_1/project_1.srcs/sources_1/new/padovan.sv:36]
CRITICAL WARNING: [Synth 8-6859] multi-driven net on pin Q with 1st driver pin 'pNext_reg[13]__0/Q' [C:/Users/santiago/Desktop/Diseno de Sistemas Digitales/actividad7y8/project_1/project_1.srcs/sources_1/new/padovan.sv:36]
CRITICAL WARNING: [Synth 8-6859] multi-driven net on pin Q with 2nd driver pin 'GND' [C:/Users/santiago/Desktop/Diseno de Sistemas Digitales/actividad7y8/project_1/project_1.srcs/sources_1/new/padovan.sv:36]
CRITICAL WARNING: [Synth 8-6858] multi-driven net Q is connected to at least one constant driver which has been preserved, other driver is ignored [C:/Users/santiago/Desktop/Diseno de Sistemas Digitales/actividad7y8/project_1/project_1.srcs/sources_1/new/padovan.sv:36]
CRITICAL WARNING: [Synth 8-6859] multi-driven net on pin Q with 1st driver pin 'pNext_reg[12]__0/Q' [C:/Users/santiago/Desktop/Diseno de Sistemas Digitales/actividad7y8/project_1/project_1.srcs/sources_1/new/padovan.sv:36]
CRITICAL WARNING: [Synth 8-6859] multi-driven net on pin Q with 2nd driver pin 'GND' [C:/Users/santiago/Desktop/Diseno de Sistemas Digitales/actividad7y8/project_1/project_1.srcs/sources_1/new/padovan.sv:36]
CRITICAL WARNING: [Synth 8-6858] multi-driven net Q is connected to at least one constant driver which has been preserved, other driver is ignored [C:/Users/santiago/Desktop/Diseno de Sistemas Digitales/actividad7y8/project_1/project_1.srcs/sources_1/new/padovan.sv:36]
CRITICAL WARNING: [Synth 8-6859] multi-driven net on pin Q with 1st driver pin 'pNext_reg[11]__0/Q' [C:/Users/santiago/Desktop/Diseno de Sistemas Digitales/actividad7y8/project_1/project_1.srcs/sources_1/new/padovan.sv:36]
CRITICAL WARNING: [Synth 8-6859] multi-driven net on pin Q with 2nd driver pin 'GND' [C:/Users/santiago/Desktop/Diseno de Sistemas Digitales/actividad7y8/project_1/project_1.srcs/sources_1/new/padovan.sv:36]
CRITICAL WARNING: [Synth 8-6858] multi-driven net Q is connected to at least one constant driver which has been preserved, other driver is ignored [C:/Users/santiago/Desktop/Diseno de Sistemas Digitales/actividad7y8/project_1/project_1.srcs/sources_1/new/padovan.sv:36]
CRITICAL WARNING: [Synth 8-6859] multi-driven net on pin Q with 1st driver pin 'pNext_reg[10]__0/Q' [C:/Users/santiago/Desktop/Diseno de Sistemas Digitales/actividad7y8/project_1/project_1.srcs/sources_1/new/padovan.sv:36]
CRITICAL WARNING: [Synth 8-6859] multi-driven net on pin Q with 2nd driver pin 'GND' [C:/Users/santiago/Desktop/Diseno de Sistemas Digitales/actividad7y8/project_1/project_1.srcs/sources_1/new/padovan.sv:36]
CRITICAL WARNING: [Synth 8-6858] multi-driven net Q is connected to at least one constant driver which has been preserved, other driver is ignored [C:/Users/santiago/Desktop/Diseno de Sistemas Digitales/actividad7y8/project_1/project_1.srcs/sources_1/new/padovan.sv:36]
CRITICAL WARNING: [Synth 8-6859] multi-driven net on pin Q with 1st driver pin 'pNext_reg[9]__0/Q' [C:/Users/santiago/Desktop/Diseno de Sistemas Digitales/actividad7y8/project_1/project_1.srcs/sources_1/new/padovan.sv:36]
CRITICAL WARNING: [Synth 8-6859] multi-driven net on pin Q with 2nd driver pin 'GND' [C:/Users/santiago/Desktop/Diseno de Sistemas Digitales/actividad7y8/project_1/project_1.srcs/sources_1/new/padovan.sv:36]
CRITICAL WARNING: [Synth 8-6858] multi-driven net Q is connected to at least one constant driver which has been preserved, other driver is ignored [C:/Users/santiago/Desktop/Diseno de Sistemas Digitales/actividad7y8/project_1/project_1.srcs/sources_1/new/padovan.sv:36]
CRITICAL WARNING: [Synth 8-6859] multi-driven net on pin Q with 1st driver pin 'pNext_reg[8]__0/Q' [C:/Users/santiago/Desktop/Diseno de Sistemas Digitales/actividad7y8/project_1/project_1.srcs/sources_1/new/padovan.sv:36]
CRITICAL WARNING: [Synth 8-6859] multi-driven net on pin Q with 2nd driver pin 'GND' [C:/Users/santiago/Desktop/Diseno de Sistemas Digitales/actividad7y8/project_1/project_1.srcs/sources_1/new/padovan.sv:36]
CRITICAL WARNING: [Synth 8-6858] multi-driven net Q is connected to at least one constant driver which has been preserved, other driver is ignored [C:/Users/santiago/Desktop/Diseno de Sistemas Digitales/actividad7y8/project_1/project_1.srcs/sources_1/new/padovan.sv:36]
CRITICAL WARNING: [Synth 8-6859] multi-driven net on pin Q with 1st driver pin 'pNext_reg[7]__0/Q' [C:/Users/santiago/Desktop/Diseno de Sistemas Digitales/actividad7y8/project_1/project_1.srcs/sources_1/new/padovan.sv:36]
CRITICAL WARNING: [Synth 8-6859] multi-driven net on pin Q with 2nd driver pin 'GND' [C:/Users/santiago/Desktop/Diseno de Sistemas Digitales/actividad7y8/project_1/project_1.srcs/sources_1/new/padovan.sv:36]
CRITICAL WARNING: [Synth 8-6858] multi-driven net Q is connected to at least one constant driver which has been preserved, other driver is ignored [C:/Users/santiago/Desktop/Diseno de Sistemas Digitales/actividad7y8/project_1/project_1.srcs/sources_1/new/padovan.sv:36]
CRITICAL WARNING: [Synth 8-6859] multi-driven net on pin Q with 1st driver pin 'pNext_reg[6]__0/Q' [C:/Users/santiago/Desktop/Diseno de Sistemas Digitales/actividad7y8/project_1/project_1.srcs/sources_1/new/padovan.sv:36]
CRITICAL WARNING: [Synth 8-6859] multi-driven net on pin Q with 2nd driver pin 'GND' [C:/Users/santiago/Desktop/Diseno de Sistemas Digitales/actividad7y8/project_1/project_1.srcs/sources_1/new/padovan.sv:36]
CRITICAL WARNING: [Synth 8-6858] multi-driven net Q is connected to at least one constant driver which has been preserved, other driver is ignored [C:/Users/santiago/Desktop/Diseno de Sistemas Digitales/actividad7y8/project_1/project_1.srcs/sources_1/new/padovan.sv:36]
CRITICAL WARNING: [Synth 8-6859] multi-driven net on pin Q with 1st driver pin 'pNext_reg[5]__0/Q' [C:/Users/santiago/Desktop/Diseno de Sistemas Digitales/actividad7y8/project_1/project_1.srcs/sources_1/new/padovan.sv:36]
CRITICAL WARNING: [Synth 8-6859] multi-driven net on pin Q with 2nd driver pin 'GND' [C:/Users/santiago/Desktop/Diseno de Sistemas Digitales/actividad7y8/project_1/project_1.srcs/sources_1/new/padovan.sv:36]
CRITICAL WARNING: [Synth 8-6858] multi-driven net Q is connected to at least one constant driver which has been preserved, other driver is ignored [C:/Users/santiago/Desktop/Diseno de Sistemas Digitales/actividad7y8/project_1/project_1.srcs/sources_1/new/padovan.sv:36]
CRITICAL WARNING: [Synth 8-6859] multi-driven net on pin Q with 1st driver pin 'pNext_reg[4]__0/Q' [C:/Users/santiago/Desktop/Diseno de Sistemas Digitales/actividad7y8/project_1/project_1.srcs/sources_1/new/padovan.sv:36]
CRITICAL WARNING: [Synth 8-6859] multi-driven net on pin Q with 2nd driver pin 'GND' [C:/Users/santiago/Desktop/Diseno de Sistemas Digitales/actividad7y8/project_1/project_1.srcs/sources_1/new/padovan.sv:36]
CRITICAL WARNING: [Synth 8-6858] multi-driven net Q is connected to at least one constant driver which has been preserved, other driver is ignored [C:/Users/santiago/Desktop/Diseno de Sistemas Digitales/actividad7y8/project_1/project_1.srcs/sources_1/new/padovan.sv:36]
CRITICAL WARNING: [Synth 8-6859] multi-driven net on pin Q with 1st driver pin 'pNext_reg[3]__0/Q' [C:/Users/santiago/Desktop/Diseno de Sistemas Digitales/actividad7y8/project_1/project_1.srcs/sources_1/new/padovan.sv:36]
CRITICAL WARNING: [Synth 8-6859] multi-driven net on pin Q with 2nd driver pin 'GND' [C:/Users/santiago/Desktop/Diseno de Sistemas Digitales/actividad7y8/project_1/project_1.srcs/sources_1/new/padovan.sv:36]
CRITICAL WARNING: [Synth 8-6858] multi-driven net Q is connected to at least one constant driver which has been preserved, other driver is ignored [C:/Users/santiago/Desktop/Diseno de Sistemas Digitales/actividad7y8/project_1/project_1.srcs/sources_1/new/padovan.sv:36]
CRITICAL WARNING: [Synth 8-6859] multi-driven net on pin Q with 1st driver pin 'pNext_reg[2]__0/Q' [C:/Users/santiago/Desktop/Diseno de Sistemas Digitales/actividad7y8/project_1/project_1.srcs/sources_1/new/padovan.sv:36]
CRITICAL WARNING: [Synth 8-6859] multi-driven net on pin Q with 2nd driver pin 'GND' [C:/Users/santiago/Desktop/Diseno de Sistemas Digitales/actividad7y8/project_1/project_1.srcs/sources_1/new/padovan.sv:36]
CRITICAL WARNING: [Synth 8-6858] multi-driven net Q is connected to at least one constant driver which has been preserved, other driver is ignored [C:/Users/santiago/Desktop/Diseno de Sistemas Digitales/actividad7y8/project_1/project_1.srcs/sources_1/new/padovan.sv:36]
CRITICAL WARNING: [Synth 8-6859] multi-driven net on pin Q with 1st driver pin 'pNext_reg[1]__0/Q' [C:/Users/santiago/Desktop/Diseno de Sistemas Digitales/actividad7y8/project_1/project_1.srcs/sources_1/new/padovan.sv:36]
CRITICAL WARNING: [Synth 8-6859] multi-driven net on pin Q with 2nd driver pin 'GND' [C:/Users/santiago/Desktop/Diseno de Sistemas Digitales/actividad7y8/project_1/project_1.srcs/sources_1/new/padovan.sv:36]
CRITICAL WARNING: [Synth 8-6858] multi-driven net Q is connected to at least one constant driver which has been preserved, other driver is ignored [C:/Users/santiago/Desktop/Diseno de Sistemas Digitales/actividad7y8/project_1/project_1.srcs/sources_1/new/padovan.sv:36]
CRITICAL WARNING: [Synth 8-6859] multi-driven net on pin Q with 1st driver pin 'pNext_reg[0]__0/Q' [C:/Users/santiago/Desktop/Diseno de Sistemas Digitales/actividad7y8/project_1/project_1.srcs/sources_1/new/padovan.sv:36]
CRITICAL WARNING: [Synth 8-6859] multi-driven net on pin Q with 2nd driver pin 'VCC' [C:/Users/santiago/Desktop/Diseno de Sistemas Digitales/actividad7y8/project_1/project_1.srcs/sources_1/new/padovan.sv:36]
CRITICAL WARNING: [Synth 8-6858] multi-driven net Q is connected to at least one constant driver which has been preserved, other driver is ignored [C:/Users/santiago/Desktop/Diseno de Sistemas Digitales/actividad7y8/project_1/project_1.srcs/sources_1/new/padovan.sv:36]
WARNING: [Synth 8-3332] Sequential element (count_reg[16]) is unused and will be removed from module padovan.
WARNING: [Synth 8-3332] Sequential element (count_reg[15]) is unused and will be removed from module padovan.
WARNING: [Synth 8-3332] Sequential element (count_reg[14]) is unused and will be removed from module padovan.
WARNING: [Synth 8-3332] Sequential element (count_reg[13]) is unused and will be removed from module padovan.
WARNING: [Synth 8-3332] Sequential element (count_reg[12]) is unused and will be removed from module padovan.
WARNING: [Synth 8-3332] Sequential element (count_reg[11]) is unused and will be removed from module padovan.
WARNING: [Synth 8-3332] Sequential element (count_reg[10]) is unused and will be removed from module padovan.
WARNING: [Synth 8-3332] Sequential element (count_reg[9]) is unused and will be removed from module padovan.
WARNING: [Synth 8-3332] Sequential element (count_reg[8]) is unused and will be removed from module padovan.
WARNING: [Synth 8-3332] Sequential element (count_reg[7]) is unused and will be removed from module padovan.
WARNING: [Synth 8-3332] Sequential element (count_reg[6]) is unused and will be removed from module padovan.
WARNING: [Synth 8-3332] Sequential element (count_reg[5]) is unused and will be removed from module padovan.
WARNING: [Synth 8-3332] Sequential element (count_reg[4]) is unused and will be removed from module padovan.
WARNING: [Synth 8-3332] Sequential element (count_reg[3]) is unused and will be removed from module padovan.
WARNING: [Synth 8-3332] Sequential element (count_reg[2]) is unused and will be removed from module padovan.
WARNING: [Synth 8-3332] Sequential element (count_reg[1]) is unused and will be removed from module padovan.
WARNING: [Synth 8-3332] Sequential element (count_reg[0]) is unused and will be removed from module padovan.
WARNING: [Synth 8-3332] Sequential element (pPrev_reg[16]) is unused and will be removed from module padovan.
WARNING: [Synth 8-3332] Sequential element (pPrev_reg[15]) is unused and will be removed from module padovan.
WARNING: [Synth 8-3332] Sequential element (pPrev_reg[14]) is unused and will be removed from module padovan.
WARNING: [Synth 8-3332] Sequential element (pPrev_reg[13]) is unused and will be removed from module padovan.
WARNING: [Synth 8-3332] Sequential element (pPrev_reg[12]) is unused and will be removed from module padovan.
WARNING: [Synth 8-3332] Sequential element (pPrev_reg[11]) is unused and will be removed from module padovan.
WARNING: [Synth 8-3332] Sequential element (pPrev_reg[10]) is unused and will be removed from module padovan.
WARNING: [Synth 8-3332] Sequential element (pPrev_reg[9]) is unused and will be removed from module padovan.
WARNING: [Synth 8-3332] Sequential element (pPrev_reg[8]) is unused and will be removed from module padovan.
WARNING: [Synth 8-3332] Sequential element (pPrev_reg[7]) is unused and will be removed from module padovan.
WARNING: [Synth 8-3332] Sequential element (pPrev_reg[6]) is unused and will be removed from module padovan.
WARNING: [Synth 8-3332] Sequential element (pPrev_reg[5]) is unused and will be removed from module padovan.
WARNING: [Synth 8-3332] Sequential element (pPrev_reg[4]) is unused and will be removed from module padovan.
WARNING: [Synth 8-3332] Sequential element (pPrev_reg[3]) is unused and will be removed from module padovan.
WARNING: [Synth 8-3332] Sequential element (pPrev_reg[2]) is unused and will be removed from module padovan.
WARNING: [Synth 8-3332] Sequential element (pPrev_reg[1]) is unused and will be removed from module padovan.
WARNING: [Synth 8-3332] Sequential element (pPrev_reg[0]) is unused and will be removed from module padovan.
CRITICAL WARNING: [Synth 8-6859] multi-driven net on pin Q with 1st driver pin 'pPrev_reg[16]__0/Q' [C:/Users/santiago/Desktop/Diseno de Sistemas Digitales/actividad7y8/project_1/project_1.srcs/sources_1/new/padovan.sv:37]
CRITICAL WARNING: [Synth 8-6859] multi-driven net on pin Q with 2nd driver pin 'GND' [C:/Users/santiago/Desktop/Diseno de Sistemas Digitales/actividad7y8/project_1/project_1.srcs/sources_1/new/padovan.sv:37]
CRITICAL WARNING: [Synth 8-6858] multi-driven net Q is connected to at least one constant driver which has been preserved, other driver is ignored [C:/Users/santiago/Desktop/Diseno de Sistemas Digitales/actividad7y8/project_1/project_1.srcs/sources_1/new/padovan.sv:37]
CRITICAL WARNING: [Synth 8-6859] multi-driven net on pin Q with 1st driver pin 'pPrev_reg[15]__0/Q' [C:/Users/santiago/Desktop/Diseno de Sistemas Digitales/actividad7y8/project_1/project_1.srcs/sources_1/new/padovan.sv:37]
CRITICAL WARNING: [Synth 8-6859] multi-driven net on pin Q with 2nd driver pin 'GND' [C:/Users/santiago/Desktop/Diseno de Sistemas Digitales/actividad7y8/project_1/project_1.srcs/sources_1/new/padovan.sv:37]
CRITICAL WARNING: [Synth 8-6858] multi-driven net Q is connected to at least one constant driver which has been preserved, other driver is ignored [C:/Users/santiago/Desktop/Diseno de Sistemas Digitales/actividad7y8/project_1/project_1.srcs/sources_1/new/padovan.sv:37]
CRITICAL WARNING: [Synth 8-6859] multi-driven net on pin Q with 1st driver pin 'pPrev_reg[14]__0/Q' [C:/Users/santiago/Desktop/Diseno de Sistemas Digitales/actividad7y8/project_1/project_1.srcs/sources_1/new/padovan.sv:37]
CRITICAL WARNING: [Synth 8-6859] multi-driven net on pin Q with 2nd driver pin 'GND' [C:/Users/santiago/Desktop/Diseno de Sistemas Digitales/actividad7y8/project_1/project_1.srcs/sources_1/new/padovan.sv:37]
CRITICAL WARNING: [Synth 8-6858] multi-driven net Q is connected to at least one constant driver which has been preserved, other driver is ignored [C:/Users/santiago/Desktop/Diseno de Sistemas Digitales/actividad7y8/project_1/project_1.srcs/sources_1/new/padovan.sv:37]
CRITICAL WARNING: [Synth 8-6859] multi-driven net on pin Q with 1st driver pin 'pPrev_reg[13]__0/Q' [C:/Users/santiago/Desktop/Diseno de Sistemas Digitales/actividad7y8/project_1/project_1.srcs/sources_1/new/padovan.sv:37]
CRITICAL WARNING: [Synth 8-6859] multi-driven net on pin Q with 2nd driver pin 'GND' [C:/Users/santiago/Desktop/Diseno de Sistemas Digitales/actividad7y8/project_1/project_1.srcs/sources_1/new/padovan.sv:37]
CRITICAL WARNING: [Synth 8-6858] multi-driven net Q is connected to at least one constant driver which has been preserved, other driver is ignored [C:/Users/santiago/Desktop/Diseno de Sistemas Digitales/actividad7y8/project_1/project_1.srcs/sources_1/new/padovan.sv:37]
CRITICAL WARNING: [Synth 8-6859] multi-driven net on pin Q with 1st driver pin 'pPrev_reg[12]__0/Q' [C:/Users/santiago/Desktop/Diseno de Sistemas Digitales/actividad7y8/project_1/project_1.srcs/sources_1/new/padovan.sv:37]
CRITICAL WARNING: [Synth 8-6859] multi-driven net on pin Q with 2nd driver pin 'GND' [C:/Users/santiago/Desktop/Diseno de Sistemas Digitales/actividad7y8/project_1/project_1.srcs/sources_1/new/padovan.sv:37]
CRITICAL WARNING: [Synth 8-6858] multi-driven net Q is connected to at least one constant driver which has been preserved, other driver is ignored [C:/Users/santiago/Desktop/Diseno de Sistemas Digitales/actividad7y8/project_1/project_1.srcs/sources_1/new/padovan.sv:37]
CRITICAL WARNING: [Synth 8-6859] multi-driven net on pin Q with 1st driver pin 'pPrev_reg[11]__0/Q' [C:/Users/santiago/Desktop/Diseno de Sistemas Digitales/actividad7y8/project_1/project_1.srcs/sources_1/new/padovan.sv:37]
CRITICAL WARNING: [Synth 8-6859] multi-driven net on pin Q with 2nd driver pin 'GND' [C:/Users/santiago/Desktop/Diseno de Sistemas Digitales/actividad7y8/project_1/project_1.srcs/sources_1/new/padovan.sv:37]
CRITICAL WARNING: [Synth 8-6858] multi-driven net Q is connected to at least one constant driver which has been preserved, other driver is ignored [C:/Users/santiago/Desktop/Diseno de Sistemas Digitales/actividad7y8/project_1/project_1.srcs/sources_1/new/padovan.sv:37]
CRITICAL WARNING: [Synth 8-6859] multi-driven net on pin Q with 1st driver pin 'pPrev_reg[10]__0/Q' [C:/Users/santiago/Desktop/Diseno de Sistemas Digitales/actividad7y8/project_1/project_1.srcs/sources_1/new/padovan.sv:37]
CRITICAL WARNING: [Synth 8-6859] multi-driven net on pin Q with 2nd driver pin 'GND' [C:/Users/santiago/Desktop/Diseno de Sistemas Digitales/actividad7y8/project_1/project_1.srcs/sources_1/new/padovan.sv:37]
CRITICAL WARNING: [Synth 8-6858] multi-driven net Q is connected to at least one constant driver which has been preserved, other driver is ignored [C:/Users/santiago/Desktop/Diseno de Sistemas Digitales/actividad7y8/project_1/project_1.srcs/sources_1/new/padovan.sv:37]
CRITICAL WARNING: [Synth 8-6859] multi-driven net on pin Q with 1st driver pin 'pPrev_reg[9]__0/Q' [C:/Users/santiago/Desktop/Diseno de Sistemas Digitales/actividad7y8/project_1/project_1.srcs/sources_1/new/padovan.sv:37]
CRITICAL WARNING: [Synth 8-6859] multi-driven net on pin Q with 2nd driver pin 'GND' [C:/Users/santiago/Desktop/Diseno de Sistemas Digitales/actividad7y8/project_1/project_1.srcs/sources_1/new/padovan.sv:37]
CRITICAL WARNING: [Synth 8-6858] multi-driven net Q is connected to at least one constant driver which has been preserved, other driver is ignored [C:/Users/santiago/Desktop/Diseno de Sistemas Digitales/actividad7y8/project_1/project_1.srcs/sources_1/new/padovan.sv:37]
CRITICAL WARNING: [Synth 8-6859] multi-driven net on pin Q with 1st driver pin 'pPrev_reg[8]__0/Q' [C:/Users/santiago/Desktop/Diseno de Sistemas Digitales/actividad7y8/project_1/project_1.srcs/sources_1/new/padovan.sv:37]
CRITICAL WARNING: [Synth 8-6859] multi-driven net on pin Q with 2nd driver pin 'GND' [C:/Users/santiago/Desktop/Diseno de Sistemas Digitales/actividad7y8/project_1/project_1.srcs/sources_1/new/padovan.sv:37]
CRITICAL WARNING: [Synth 8-6858] multi-driven net Q is connected to at least one constant driver which has been preserved, other driver is ignored [C:/Users/santiago/Desktop/Diseno de Sistemas Digitales/actividad7y8/project_1/project_1.srcs/sources_1/new/padovan.sv:37]
CRITICAL WARNING: [Synth 8-6859] multi-driven net on pin Q with 1st driver pin 'pPrev_reg[7]__0/Q' [C:/Users/santiago/Desktop/Diseno de Sistemas Digitales/actividad7y8/project_1/project_1.srcs/sources_1/new/padovan.sv:37]
CRITICAL WARNING: [Synth 8-6859] multi-driven net on pin Q with 2nd driver pin 'GND' [C:/Users/santiago/Desktop/Diseno de Sistemas Digitales/actividad7y8/project_1/project_1.srcs/sources_1/new/padovan.sv:37]
CRITICAL WARNING: [Synth 8-6858] multi-driven net Q is connected to at least one constant driver which has been preserved, other driver is ignored [C:/Users/santiago/Desktop/Diseno de Sistemas Digitales/actividad7y8/project_1/project_1.srcs/sources_1/new/padovan.sv:37]
CRITICAL WARNING: [Synth 8-6859] multi-driven net on pin Q with 1st driver pin 'pPrev_reg[6]__0/Q' [C:/Users/santiago/Desktop/Diseno de Sistemas Digitales/actividad7y8/project_1/project_1.srcs/sources_1/new/padovan.sv:37]
CRITICAL WARNING: [Synth 8-6859] multi-driven net on pin Q with 2nd driver pin 'GND' [C:/Users/santiago/Desktop/Diseno de Sistemas Digitales/actividad7y8/project_1/project_1.srcs/sources_1/new/padovan.sv:37]
CRITICAL WARNING: [Synth 8-6858] multi-driven net Q is connected to at least one constant driver which has been preserved, other driver is ignored [C:/Users/santiago/Desktop/Diseno de Sistemas Digitales/actividad7y8/project_1/project_1.srcs/sources_1/new/padovan.sv:37]
CRITICAL WARNING: [Synth 8-6859] multi-driven net on pin Q with 1st driver pin 'pPrev_reg[5]__0/Q' [C:/Users/santiago/Desktop/Diseno de Sistemas Digitales/actividad7y8/project_1/project_1.srcs/sources_1/new/padovan.sv:37]
CRITICAL WARNING: [Synth 8-6859] multi-driven net on pin Q with 2nd driver pin 'GND' [C:/Users/santiago/Desktop/Diseno de Sistemas Digitales/actividad7y8/project_1/project_1.srcs/sources_1/new/padovan.sv:37]
CRITICAL WARNING: [Synth 8-6858] multi-driven net Q is connected to at least one constant driver which has been preserved, other driver is ignored [C:/Users/santiago/Desktop/Diseno de Sistemas Digitales/actividad7y8/project_1/project_1.srcs/sources_1/new/padovan.sv:37]
CRITICAL WARNING: [Synth 8-6859] multi-driven net on pin Q with 1st driver pin 'pPrev_reg[4]__0/Q' [C:/Users/santiago/Desktop/Diseno de Sistemas Digitales/actividad7y8/project_1/project_1.srcs/sources_1/new/padovan.sv:37]
CRITICAL WARNING: [Synth 8-6859] multi-driven net on pin Q with 2nd driver pin 'GND' [C:/Users/santiago/Desktop/Diseno de Sistemas Digitales/actividad7y8/project_1/project_1.srcs/sources_1/new/padovan.sv:37]
CRITICAL WARNING: [Synth 8-6858] multi-driven net Q is connected to at least one constant driver which has been preserved, other driver is ignored [C:/Users/santiago/Desktop/Diseno de Sistemas Digitales/actividad7y8/project_1/project_1.srcs/sources_1/new/padovan.sv:37]
CRITICAL WARNING: [Synth 8-6859] multi-driven net on pin Q with 1st driver pin 'pPrev_reg[3]__0/Q' [C:/Users/santiago/Desktop/Diseno de Sistemas Digitales/actividad7y8/project_1/project_1.srcs/sources_1/new/padovan.sv:37]
CRITICAL WARNING: [Synth 8-6859] multi-driven net on pin Q with 2nd driver pin 'GND' [C:/Users/santiago/Desktop/Diseno de Sistemas Digitales/actividad7y8/project_1/project_1.srcs/sources_1/new/padovan.sv:37]
CRITICAL WARNING: [Synth 8-6858] multi-driven net Q is connected to at least one constant driver which has been preserved, other driver is ignored [C:/Users/santiago/Desktop/Diseno de Sistemas Digitales/actividad7y8/project_1/project_1.srcs/sources_1/new/padovan.sv:37]
CRITICAL WARNING: [Synth 8-6859] multi-driven net on pin Q with 1st driver pin 'pPrev_reg[2]__0/Q' [C:/Users/santiago/Desktop/Diseno de Sistemas Digitales/actividad7y8/project_1/project_1.srcs/sources_1/new/padovan.sv:37]
CRITICAL WARNING: [Synth 8-6859] multi-driven net on pin Q with 2nd driver pin 'GND' [C:/Users/santiago/Desktop/Diseno de Sistemas Digitales/actividad7y8/project_1/project_1.srcs/sources_1/new/padovan.sv:37]
CRITICAL WARNING: [Synth 8-6858] multi-driven net Q is connected to at least one constant driver which has been preserved, other driver is ignored [C:/Users/santiago/Desktop/Diseno de Sistemas Digitales/actividad7y8/project_1/project_1.srcs/sources_1/new/padovan.sv:37]
CRITICAL WARNING: [Synth 8-6859] multi-driven net on pin Q with 1st driver pin 'pPrev_reg[1]__0/Q' [C:/Users/santiago/Desktop/Diseno de Sistemas Digitales/actividad7y8/project_1/project_1.srcs/sources_1/new/padovan.sv:37]
CRITICAL WARNING: [Synth 8-6859] multi-driven net on pin Q with 2nd driver pin 'GND' [C:/Users/santiago/Desktop/Diseno de Sistemas Digitales/actividad7y8/project_1/project_1.srcs/sources_1/new/padovan.sv:37]
CRITICAL WARNING: [Synth 8-6858] multi-driven net Q is connected to at least one constant driver which has been preserved, other driver is ignored [C:/Users/santiago/Desktop/Diseno de Sistemas Digitales/actividad7y8/project_1/project_1.srcs/sources_1/new/padovan.sv:37]
CRITICAL WARNING: [Synth 8-6859] multi-driven net on pin Q with 1st driver pin 'pPrev_reg[0]__0/Q' [C:/Users/santiago/Desktop/Diseno de Sistemas Digitales/actividad7y8/project_1/project_1.srcs/sources_1/new/padovan.sv:37]
CRITICAL WARNING: [Synth 8-6859] multi-driven net on pin Q with 2nd driver pin 'VCC' [C:/Users/santiago/Desktop/Diseno de Sistemas Digitales/actividad7y8/project_1/project_1.srcs/sources_1/new/padovan.sv:37]
CRITICAL WARNING: [Synth 8-6858] multi-driven net Q is connected to at least one constant driver which has been preserved, other driver is ignored [C:/Users/santiago/Desktop/Diseno de Sistemas Digitales/actividad7y8/project_1/project_1.srcs/sources_1/new/padovan.sv:37]
WARNING: [Synth 8-3332] Sequential element (pPrevPrev_reg[16]) is unused and will be removed from module padovan.
WARNING: [Synth 8-3332] Sequential element (pPrevPrev_reg[15]) is unused and will be removed from module padovan.
WARNING: [Synth 8-3332] Sequential element (pPrevPrev_reg[14]) is unused and will be removed from module padovan.
WARNING: [Synth 8-3332] Sequential element (pPrevPrev_reg[13]) is unused and will be removed from module padovan.
WARNING: [Synth 8-3332] Sequential element (pPrevPrev_reg[12]) is unused and will be removed from module padovan.
WARNING: [Synth 8-3332] Sequential element (pPrevPrev_reg[11]) is unused and will be removed from module padovan.
WARNING: [Synth 8-3332] Sequential element (pPrevPrev_reg[10]) is unused and will be removed from module padovan.
WARNING: [Synth 8-3332] Sequential element (pPrevPrev_reg[9]) is unused and will be removed from module padovan.
WARNING: [Synth 8-3332] Sequential element (pPrevPrev_reg[8]) is unused and will be removed from module padovan.
WARNING: [Synth 8-3332] Sequential element (pPrevPrev_reg[7]) is unused and will be removed from module padovan.
WARNING: [Synth 8-3332] Sequential element (pPrevPrev_reg[6]) is unused and will be removed from module padovan.
WARNING: [Synth 8-3332] Sequential element (pPrevPrev_reg[5]) is unused and will be removed from module padovan.
WARNING: [Synth 8-3332] Sequential element (pPrevPrev_reg[4]) is unused and will be removed from module padovan.
WARNING: [Synth 8-3332] Sequential element (pPrevPrev_reg[3]) is unused and will be removed from module padovan.
WARNING: [Synth 8-3332] Sequential element (pPrevPrev_reg[2]) is unused and will be removed from module padovan.
WARNING: [Synth 8-3332] Sequential element (pPrevPrev_reg[1]) is unused and will be removed from module padovan.
WARNING: [Synth 8-3332] Sequential element (pPrevPrev_reg[0]) is unused and will be removed from module padovan.
CRITICAL WARNING: [Synth 8-6859] multi-driven net on pin Q with 1st driver pin 'pPrevPrev_reg[16]__0/Q' [C:/Users/santiago/Desktop/Diseno de Sistemas Digitales/actividad7y8/project_1/project_1.srcs/sources_1/new/padovan.sv:38]
CRITICAL WARNING: [Synth 8-6859] multi-driven net on pin Q with 2nd driver pin 'GND' [C:/Users/santiago/Desktop/Diseno de Sistemas Digitales/actividad7y8/project_1/project_1.srcs/sources_1/new/padovan.sv:38]
CRITICAL WARNING: [Synth 8-6858] multi-driven net Q is connected to at least one constant driver which has been preserved, other driver is ignored [C:/Users/santiago/Desktop/Diseno de Sistemas Digitales/actividad7y8/project_1/project_1.srcs/sources_1/new/padovan.sv:38]
CRITICAL WARNING: [Synth 8-6859] multi-driven net on pin Q with 1st driver pin 'pPrevPrev_reg[15]__0/Q' [C:/Users/santiago/Desktop/Diseno de Sistemas Digitales/actividad7y8/project_1/project_1.srcs/sources_1/new/padovan.sv:38]
CRITICAL WARNING: [Synth 8-6859] multi-driven net on pin Q with 2nd driver pin 'GND' [C:/Users/santiago/Desktop/Diseno de Sistemas Digitales/actividad7y8/project_1/project_1.srcs/sources_1/new/padovan.sv:38]
CRITICAL WARNING: [Synth 8-6858] multi-driven net Q is connected to at least one constant driver which has been preserved, other driver is ignored [C:/Users/santiago/Desktop/Diseno de Sistemas Digitales/actividad7y8/project_1/project_1.srcs/sources_1/new/padovan.sv:38]
CRITICAL WARNING: [Synth 8-6859] multi-driven net on pin Q with 1st driver pin 'pPrevPrev_reg[14]__0/Q' [C:/Users/santiago/Desktop/Diseno de Sistemas Digitales/actividad7y8/project_1/project_1.srcs/sources_1/new/padovan.sv:38]
CRITICAL WARNING: [Synth 8-6859] multi-driven net on pin Q with 2nd driver pin 'GND' [C:/Users/santiago/Desktop/Diseno de Sistemas Digitales/actividad7y8/project_1/project_1.srcs/sources_1/new/padovan.sv:38]
CRITICAL WARNING: [Synth 8-6858] multi-driven net Q is connected to at least one constant driver which has been preserved, other driver is ignored [C:/Users/santiago/Desktop/Diseno de Sistemas Digitales/actividad7y8/project_1/project_1.srcs/sources_1/new/padovan.sv:38]
CRITICAL WARNING: [Synth 8-6859] multi-driven net on pin Q with 1st driver pin 'pPrevPrev_reg[13]__0/Q' [C:/Users/santiago/Desktop/Diseno de Sistemas Digitales/actividad7y8/project_1/project_1.srcs/sources_1/new/padovan.sv:38]
CRITICAL WARNING: [Synth 8-6859] multi-driven net on pin Q with 2nd driver pin 'GND' [C:/Users/santiago/Desktop/Diseno de Sistemas Digitales/actividad7y8/project_1/project_1.srcs/sources_1/new/padovan.sv:38]
CRITICAL WARNING: [Synth 8-6858] multi-driven net Q is connected to at least one constant driver which has been preserved, other driver is ignored [C:/Users/santiago/Desktop/Diseno de Sistemas Digitales/actividad7y8/project_1/project_1.srcs/sources_1/new/padovan.sv:38]
CRITICAL WARNING: [Synth 8-6859] multi-driven net on pin Q with 1st driver pin 'pPrevPrev_reg[12]__0/Q' [C:/Users/santiago/Desktop/Diseno de Sistemas Digitales/actividad7y8/project_1/project_1.srcs/sources_1/new/padovan.sv:38]
CRITICAL WARNING: [Synth 8-6859] multi-driven net on pin Q with 2nd driver pin 'GND' [C:/Users/santiago/Desktop/Diseno de Sistemas Digitales/actividad7y8/project_1/project_1.srcs/sources_1/new/padovan.sv:38]
CRITICAL WARNING: [Synth 8-6858] multi-driven net Q is connected to at least one constant driver which has been preserved, other driver is ignored [C:/Users/santiago/Desktop/Diseno de Sistemas Digitales/actividad7y8/project_1/project_1.srcs/sources_1/new/padovan.sv:38]
CRITICAL WARNING: [Synth 8-6859] multi-driven net on pin Q with 1st driver pin 'pPrevPrev_reg[11]__0/Q' [C:/Users/santiago/Desktop/Diseno de Sistemas Digitales/actividad7y8/project_1/project_1.srcs/sources_1/new/padovan.sv:38]
CRITICAL WARNING: [Synth 8-6859] multi-driven net on pin Q with 2nd driver pin 'GND' [C:/Users/santiago/Desktop/Diseno de Sistemas Digitales/actividad7y8/project_1/project_1.srcs/sources_1/new/padovan.sv:38]
CRITICAL WARNING: [Synth 8-6858] multi-driven net Q is connected to at least one constant driver which has been preserved, other driver is ignored [C:/Users/santiago/Desktop/Diseno de Sistemas Digitales/actividad7y8/project_1/project_1.srcs/sources_1/new/padovan.sv:38]
CRITICAL WARNING: [Synth 8-6859] multi-driven net on pin Q with 1st driver pin 'pPrevPrev_reg[10]__0/Q' [C:/Users/santiago/Desktop/Diseno de Sistemas Digitales/actividad7y8/project_1/project_1.srcs/sources_1/new/padovan.sv:38]
CRITICAL WARNING: [Synth 8-6859] multi-driven net on pin Q with 2nd driver pin 'GND' [C:/Users/santiago/Desktop/Diseno de Sistemas Digitales/actividad7y8/project_1/project_1.srcs/sources_1/new/padovan.sv:38]
CRITICAL WARNING: [Synth 8-6858] multi-driven net Q is connected to at least one constant driver which has been preserved, other driver is ignored [C:/Users/santiago/Desktop/Diseno de Sistemas Digitales/actividad7y8/project_1/project_1.srcs/sources_1/new/padovan.sv:38]
CRITICAL WARNING: [Synth 8-6859] multi-driven net on pin Q with 1st driver pin 'pPrevPrev_reg[9]__0/Q' [C:/Users/santiago/Desktop/Diseno de Sistemas Digitales/actividad7y8/project_1/project_1.srcs/sources_1/new/padovan.sv:38]
CRITICAL WARNING: [Synth 8-6859] multi-driven net on pin Q with 2nd driver pin 'GND' [C:/Users/santiago/Desktop/Diseno de Sistemas Digitales/actividad7y8/project_1/project_1.srcs/sources_1/new/padovan.sv:38]
CRITICAL WARNING: [Synth 8-6858] multi-driven net Q is connected to at least one constant driver which has been preserved, other driver is ignored [C:/Users/santiago/Desktop/Diseno de Sistemas Digitales/actividad7y8/project_1/project_1.srcs/sources_1/new/padovan.sv:38]
CRITICAL WARNING: [Synth 8-6859] multi-driven net on pin Q with 1st driver pin 'pPrevPrev_reg[8]__0/Q' [C:/Users/santiago/Desktop/Diseno de Sistemas Digitales/actividad7y8/project_1/project_1.srcs/sources_1/new/padovan.sv:38]
CRITICAL WARNING: [Synth 8-6859] multi-driven net on pin Q with 2nd driver pin 'GND' [C:/Users/santiago/Desktop/Diseno de Sistemas Digitales/actividad7y8/project_1/project_1.srcs/sources_1/new/padovan.sv:38]
CRITICAL WARNING: [Synth 8-6858] multi-driven net Q is connected to at least one constant driver which has been preserved, other driver is ignored [C:/Users/santiago/Desktop/Diseno de Sistemas Digitales/actividad7y8/project_1/project_1.srcs/sources_1/new/padovan.sv:38]
CRITICAL WARNING: [Synth 8-6859] multi-driven net on pin Q with 1st driver pin 'pPrevPrev_reg[7]__0/Q' [C:/Users/santiago/Desktop/Diseno de Sistemas Digitales/actividad7y8/project_1/project_1.srcs/sources_1/new/padovan.sv:38]
CRITICAL WARNING: [Synth 8-6859] multi-driven net on pin Q with 2nd driver pin 'GND' [C:/Users/santiago/Desktop/Diseno de Sistemas Digitales/actividad7y8/project_1/project_1.srcs/sources_1/new/padovan.sv:38]
CRITICAL WARNING: [Synth 8-6858] multi-driven net Q is connected to at least one constant driver which has been preserved, other driver is ignored [C:/Users/santiago/Desktop/Diseno de Sistemas Digitales/actividad7y8/project_1/project_1.srcs/sources_1/new/padovan.sv:38]
CRITICAL WARNING: [Synth 8-6859] multi-driven net on pin Q with 1st driver pin 'pPrevPrev_reg[6]__0/Q' [C:/Users/santiago/Desktop/Diseno de Sistemas Digitales/actividad7y8/project_1/project_1.srcs/sources_1/new/padovan.sv:38]
CRITICAL WARNING: [Synth 8-6859] multi-driven net on pin Q with 2nd driver pin 'GND' [C:/Users/santiago/Desktop/Diseno de Sistemas Digitales/actividad7y8/project_1/project_1.srcs/sources_1/new/padovan.sv:38]
CRITICAL WARNING: [Synth 8-6858] multi-driven net Q is connected to at least one constant driver which has been preserved, other driver is ignored [C:/Users/santiago/Desktop/Diseno de Sistemas Digitales/actividad7y8/project_1/project_1.srcs/sources_1/new/padovan.sv:38]
CRITICAL WARNING: [Synth 8-6859] multi-driven net on pin Q with 1st driver pin 'pPrevPrev_reg[5]__0/Q' [C:/Users/santiago/Desktop/Diseno de Sistemas Digitales/actividad7y8/project_1/project_1.srcs/sources_1/new/padovan.sv:38]
CRITICAL WARNING: [Synth 8-6859] multi-driven net on pin Q with 2nd driver pin 'GND' [C:/Users/santiago/Desktop/Diseno de Sistemas Digitales/actividad7y8/project_1/project_1.srcs/sources_1/new/padovan.sv:38]
CRITICAL WARNING: [Synth 8-6858] multi-driven net Q is connected to at least one constant driver which has been preserved, other driver is ignored [C:/Users/santiago/Desktop/Diseno de Sistemas Digitales/actividad7y8/project_1/project_1.srcs/sources_1/new/padovan.sv:38]
CRITICAL WARNING: [Synth 8-6859] multi-driven net on pin Q with 1st driver pin 'pPrevPrev_reg[4]__0/Q' [C:/Users/santiago/Desktop/Diseno de Sistemas Digitales/actividad7y8/project_1/project_1.srcs/sources_1/new/padovan.sv:38]
CRITICAL WARNING: [Synth 8-6859] multi-driven net on pin Q with 2nd driver pin 'GND' [C:/Users/santiago/Desktop/Diseno de Sistemas Digitales/actividad7y8/project_1/project_1.srcs/sources_1/new/padovan.sv:38]
CRITICAL WARNING: [Synth 8-6858] multi-driven net Q is connected to at least one constant driver which has been preserved, other driver is ignored [C:/Users/santiago/Desktop/Diseno de Sistemas Digitales/actividad7y8/project_1/project_1.srcs/sources_1/new/padovan.sv:38]
CRITICAL WARNING: [Synth 8-6859] multi-driven net on pin Q with 1st driver pin 'pPrevPrev_reg[3]__0/Q' [C:/Users/santiago/Desktop/Diseno de Sistemas Digitales/actividad7y8/project_1/project_1.srcs/sources_1/new/padovan.sv:38]
CRITICAL WARNING: [Synth 8-6859] multi-driven net on pin Q with 2nd driver pin 'GND' [C:/Users/santiago/Desktop/Diseno de Sistemas Digitales/actividad7y8/project_1/project_1.srcs/sources_1/new/padovan.sv:38]
CRITICAL WARNING: [Synth 8-6858] multi-driven net Q is connected to at least one constant driver which has been preserved, other driver is ignored [C:/Users/santiago/Desktop/Diseno de Sistemas Digitales/actividad7y8/project_1/project_1.srcs/sources_1/new/padovan.sv:38]
CRITICAL WARNING: [Synth 8-6859] multi-driven net on pin Q with 1st driver pin 'pPrevPrev_reg[2]__0/Q' [C:/Users/santiago/Desktop/Diseno de Sistemas Digitales/actividad7y8/project_1/project_1.srcs/sources_1/new/padovan.sv:38]
CRITICAL WARNING: [Synth 8-6859] multi-driven net on pin Q with 2nd driver pin 'GND' [C:/Users/santiago/Desktop/Diseno de Sistemas Digitales/actividad7y8/project_1/project_1.srcs/sources_1/new/padovan.sv:38]
CRITICAL WARNING: [Synth 8-6858] multi-driven net Q is connected to at least one constant driver which has been preserved, other driver is ignored [C:/Users/santiago/Desktop/Diseno de Sistemas Digitales/actividad7y8/project_1/project_1.srcs/sources_1/new/padovan.sv:38]
CRITICAL WARNING: [Synth 8-6859] multi-driven net on pin Q with 1st driver pin 'pPrevPrev_reg[1]__0/Q' [C:/Users/santiago/Desktop/Diseno de Sistemas Digitales/actividad7y8/project_1/project_1.srcs/sources_1/new/padovan.sv:38]
CRITICAL WARNING: [Synth 8-6859] multi-driven net on pin Q with 2nd driver pin 'GND' [C:/Users/santiago/Desktop/Diseno de Sistemas Digitales/actividad7y8/project_1/project_1.srcs/sources_1/new/padovan.sv:38]
INFO: [Common 17-14] Message 'Synth 8-6859' appears 100 times and further instances of the messages will be disabled. Use the Tcl command set_msg_config to change the current settings.
CRITICAL WARNING: [Synth 8-6858] multi-driven net Q is connected to at least one constant driver which has been preserved, other driver is ignored [C:/Users/santiago/Desktop/Diseno de Sistemas Digitales/actividad7y8/project_1/project_1.srcs/sources_1/new/padovan.sv:38]
CRITICAL WARNING: [Synth 8-6858] multi-driven net Q is connected to at least one constant driver which has been preserved, other driver is ignored [C:/Users/santiago/Desktop/Diseno de Sistemas Digitales/actividad7y8/project_1/project_1.srcs/sources_1/new/padovan.sv:38]
WARNING: [Synth 8-3332] Sequential element (pCurr_reg[16]) is unused and will be removed from module padovan.
WARNING: [Synth 8-3332] Sequential element (pCurr_reg[15]) is unused and will be removed from module padovan.
WARNING: [Synth 8-3332] Sequential element (pCurr_reg[14]) is unused and will be removed from module padovan.
WARNING: [Synth 8-3332] Sequential element (pCurr_reg[13]) is unused and will be removed from module padovan.
WARNING: [Synth 8-3332] Sequential element (pCurr_reg[12]) is unused and will be removed from module padovan.
WARNING: [Synth 8-3332] Sequential element (pCurr_reg[11]) is unused and will be removed from module padovan.
WARNING: [Synth 8-3332] Sequential element (pCurr_reg[10]) is unused and will be removed from module padovan.
WARNING: [Synth 8-3332] Sequential element (pCurr_reg[9]) is unused and will be removed from module padovan.
WARNING: [Synth 8-3332] Sequential element (pCurr_reg[8]) is unused and will be removed from module padovan.
WARNING: [Synth 8-3332] Sequential element (pCurr_reg[7]) is unused and will be removed from module padovan.
WARNING: [Synth 8-3332] Sequential element (pCurr_reg[6]) is unused and will be removed from module padovan.
WARNING: [Synth 8-3332] Sequential element (pCurr_reg[5]) is unused and will be removed from module padovan.
WARNING: [Synth 8-3332] Sequential element (pCurr_reg[4]) is unused and will be removed from module padovan.
WARNING: [Synth 8-3332] Sequential element (pCurr_reg[3]) is unused and will be removed from module padovan.
WARNING: [Synth 8-3332] Sequential element (pCurr_reg[2]) is unused and will be removed from module padovan.
WARNING: [Synth 8-3332] Sequential element (pCurr_reg[1]) is unused and will be removed from module padovan.
WARNING: [Synth 8-3332] Sequential element (pCurr_reg[0]) is unused and will be removed from module padovan.
CRITICAL WARNING: [Synth 8-6858] multi-driven net Q is connected to at least one constant driver which has been preserved, other driver is ignored [C:/Users/santiago/Desktop/Diseno de Sistemas Digitales/actividad7y8/project_1/project_1.srcs/sources_1/new/padovan.sv:39]
CRITICAL WARNING: [Synth 8-6858] multi-driven net Q is connected to at least one constant driver which has been preserved, other driver is ignored [C:/Users/santiago/Desktop/Diseno de Sistemas Digitales/actividad7y8/project_1/project_1.srcs/sources_1/new/padovan.sv:39]
CRITICAL WARNING: [Synth 8-6858] multi-driven net Q is connected to at least one constant driver which has been preserved, other driver is ignored [C:/Users/santiago/Desktop/Diseno de Sistemas Digitales/actividad7y8/project_1/project_1.srcs/sources_1/new/padovan.sv:39]
CRITICAL WARNING: [Synth 8-6858] multi-driven net Q is connected to at least one constant driver which has been preserved, other driver is ignored [C:/Users/santiago/Desktop/Diseno de Sistemas Digitales/actividad7y8/project_1/project_1.srcs/sources_1/new/padovan.sv:39]
CRITICAL WARNING: [Synth 8-6858] multi-driven net Q is connected to at least one constant driver which has been preserved, other driver is ignored [C:/Users/santiago/Desktop/Diseno de Sistemas Digitales/actividad7y8/project_1/project_1.srcs/sources_1/new/padovan.sv:39]
CRITICAL WARNING: [Synth 8-6858] multi-driven net Q is connected to at least one constant driver which has been preserved, other driver is ignored [C:/Users/santiago/Desktop/Diseno de Sistemas Digitales/actividad7y8/project_1/project_1.srcs/sources_1/new/padovan.sv:39]
CRITICAL WARNING: [Synth 8-6858] multi-driven net Q is connected to at least one constant driver which has been preserved, other driver is ignored [C:/Users/santiago/Desktop/Diseno de Sistemas Digitales/actividad7y8/project_1/project_1.srcs/sources_1/new/padovan.sv:39]
CRITICAL WARNING: [Synth 8-6858] multi-driven net Q is connected to at least one constant driver which has been preserved, other driver is ignored [C:/Users/santiago/Desktop/Diseno de Sistemas Digitales/actividad7y8/project_1/project_1.srcs/sources_1/new/padovan.sv:39]
CRITICAL WARNING: [Synth 8-6858] multi-driven net Q is connected to at least one constant driver which has been preserved, other driver is ignored [C:/Users/santiago/Desktop/Diseno de Sistemas Digitales/actividad7y8/project_1/project_1.srcs/sources_1/new/padovan.sv:39]
CRITICAL WARNING: [Synth 8-6858] multi-driven net Q is connected to at least one constant driver which has been preserved, other driver is ignored [C:/Users/santiago/Desktop/Diseno de Sistemas Digitales/actividad7y8/project_1/project_1.srcs/sources_1/new/padovan.sv:39]
CRITICAL WARNING: [Synth 8-6858] multi-driven net Q is connected to at least one constant driver which has been preserved, other driver is ignored [C:/Users/santiago/Desktop/Diseno de Sistemas Digitales/actividad7y8/project_1/project_1.srcs/sources_1/new/padovan.sv:39]
CRITICAL WARNING: [Synth 8-6858] multi-driven net Q is connected to at least one constant driver which has been preserved, other driver is ignored [C:/Users/santiago/Desktop/Diseno de Sistemas Digitales/actividad7y8/project_1/project_1.srcs/sources_1/new/padovan.sv:39]
CRITICAL WARNING: [Synth 8-6858] multi-driven net Q is connected to at least one constant driver which has been preserved, other driver is ignored [C:/Users/santiago/Desktop/Diseno de Sistemas Digitales/actividad7y8/project_1/project_1.srcs/sources_1/new/padovan.sv:39]
CRITICAL WARNING: [Synth 8-6858] multi-driven net Q is connected to at least one constant driver which has been preserved, other driver is ignored [C:/Users/santiago/Desktop/Diseno de Sistemas Digitales/actividad7y8/project_1/project_1.srcs/sources_1/new/padovan.sv:39]
CRITICAL WARNING: [Synth 8-6858] multi-driven net Q is connected to at least one constant driver which has been preserved, other driver is ignored [C:/Users/santiago/Desktop/Diseno de Sistemas Digitales/actividad7y8/project_1/project_1.srcs/sources_1/new/padovan.sv:39]
CRITICAL WARNING: [Synth 8-6858] multi-driven net Q is connected to at least one constant driver which has been preserved, other driver is ignored [C:/Users/santiago/Desktop/Diseno de Sistemas Digitales/actividad7y8/project_1/project_1.srcs/sources_1/new/padovan.sv:39]
CRITICAL WARNING: [Synth 8-6858] multi-driven net Q is connected to at least one constant driver which has been preserved, other driver is ignored [C:/Users/santiago/Desktop/Diseno de Sistemas Digitales/actividad7y8/project_1/project_1.srcs/sources_1/new/padovan.sv:39]
---------------------------------------------------------------------------------
Finished Cross Boundary and Area Optimization : Time (s): cpu = 00:00:14 ; elapsed = 00:00:16 . Memory (MB): peak = 1357.684 ; gain = 669.914
---------------------------------------------------------------------------------
---------------------------------------------------------------------------------
Start Applying XDC Timing Constraints
---------------------------------------------------------------------------------
---------------------------------------------------------------------------------
Finished Applying XDC Timing Constraints : Time (s): cpu = 00:00:19 ; elapsed = 00:00:21 . Memory (MB): peak = 1478.641 ; gain = 790.871
---------------------------------------------------------------------------------
---------------------------------------------------------------------------------
Start Timing Optimization
---------------------------------------------------------------------------------
---------------------------------------------------------------------------------
Finished Timing Optimization : Time (s): cpu = 00:00:19 ; elapsed = 00:00:21 . Memory (MB): peak = 1478.641 ; gain = 790.871
---------------------------------------------------------------------------------
---------------------------------------------------------------------------------
Start Technology Mapping
---------------------------------------------------------------------------------
---------------------------------------------------------------------------------
Finished Technology Mapping : Time (s): cpu = 00:00:19 ; elapsed = 00:00:21 . Memory (MB): peak = 1488.211 ; gain = 800.441
---------------------------------------------------------------------------------
---------------------------------------------------------------------------------
Start IO Insertion
---------------------------------------------------------------------------------
---------------------------------------------------------------------------------
Start Flattening Before IO Insertion
---------------------------------------------------------------------------------
---------------------------------------------------------------------------------
Finished Flattening Before IO Insertion
---------------------------------------------------------------------------------
---------------------------------------------------------------------------------
Start Final Netlist Cleanup
---------------------------------------------------------------------------------
---------------------------------------------------------------------------------
Finished Final Netlist Cleanup
---------------------------------------------------------------------------------
---------------------------------------------------------------------------------
Finished IO Insertion : Time (s): cpu = 00:00:23 ; elapsed = 00:00:25 . Memory (MB): peak = 1723.609 ; gain = 1035.840
---------------------------------------------------------------------------------
---------------------------------------------------------------------------------
Start Renaming Generated Instances
---------------------------------------------------------------------------------
---------------------------------------------------------------------------------
Finished Renaming Generated Instances : Time (s): cpu = 00:00:23 ; elapsed = 00:00:25 . Memory (MB): peak = 1723.609 ; gain = 1035.840
---------------------------------------------------------------------------------
---------------------------------------------------------------------------------
Start Rebuilding User Hierarchy
---------------------------------------------------------------------------------
---------------------------------------------------------------------------------
Finished Rebuilding User Hierarchy : Time (s): cpu = 00:00:23 ; elapsed = 00:00:25 . Memory (MB): peak = 1723.609 ; gain = 1035.840
---------------------------------------------------------------------------------
---------------------------------------------------------------------------------
Start Renaming Generated Ports
---------------------------------------------------------------------------------
---------------------------------------------------------------------------------
Finished Renaming Generated Ports : Time (s): cpu = 00:00:23 ; elapsed = 00:00:25 . Memory (MB): peak = 1723.609 ; gain = 1035.840
---------------------------------------------------------------------------------
---------------------------------------------------------------------------------
Start Handling Custom Attributes
---------------------------------------------------------------------------------
---------------------------------------------------------------------------------
Finished Handling Custom Attributes : Time (s): cpu = 00:00:23 ; elapsed = 00:00:25 . Memory (MB): peak = 1723.609 ; gain = 1035.840
---------------------------------------------------------------------------------
---------------------------------------------------------------------------------
Start Renaming Generated Nets
---------------------------------------------------------------------------------
---------------------------------------------------------------------------------
Finished Renaming Generated Nets : Time (s): cpu = 00:00:23 ; elapsed = 00:00:25 . Memory (MB): peak = 1723.609 ; gain = 1035.840
---------------------------------------------------------------------------------
---------------------------------------------------------------------------------
Start Writing Synthesis Report
---------------------------------------------------------------------------------

Report BlackBoxes: 
+-+--------------+----------+
| |BlackBox name |Instances |
+-+--------------+----------+
+-+--------------+----------+

Report Cell Usage: 
+------+-----+------+
|      |Cell |Count |
+------+-----+------+
|1     |OBUF |    17|
+------+-----+------+
---------------------------------------------------------------------------------
Finished Writing Synthesis Report : Time (s): cpu = 00:00:23 ; elapsed = 00:00:25 . Memory (MB): peak = 1723.609 ; gain = 1035.840
---------------------------------------------------------------------------------
Synthesis finished with 0 errors, 204 critical warnings and 101 warnings.
Synthesis Optimization Runtime : Time (s): cpu = 00:00:16 ; elapsed = 00:00:23 . Memory (MB): peak = 1723.609 ; gain = 963.535
Synthesis Optimization Complete : Time (s): cpu = 00:00:23 ; elapsed = 00:00:25 . Memory (MB): peak = 1723.609 ; gain = 1035.840
INFO: [Project 1-571] Translating synthesized netlist
Netlist sorting complete. Time (s): cpu = 00:00:00 ; elapsed = 00:00:00 . Memory (MB): peak = 1727.277 ; gain = 0.000
INFO: [Project 1-570] Preparing netlist for logic optimization
INFO: [Opt 31-138] Pushed 0 inverter(s) to 0 load pin(s).
Netlist sorting complete. Time (s): cpu = 00:00:00 ; elapsed = 00:00:00 . Memory (MB): peak = 1730.953 ; gain = 0.000
INFO: [Project 1-111] Unisim Transformation Summary:
No Unisim elements were transformed.

Synth Design complete | Checksum: 2527772c
INFO: [Common 17-83] Releasing license: Synthesis
17 Infos, 109 Warnings, 168 Critical Warnings and 0 Errors encountered.
synth_design completed successfully
synth_design: Time (s): cpu = 00:00:25 ; elapsed = 00:00:38 . Memory (MB): peak = 1730.953 ; gain = 1234.477
INFO: [runtcl-6] Synthesis results are not added to the cache due to CRITICAL_WARNING
Write ShapeDB Complete: Time (s): cpu = 00:00:00 ; elapsed = 00:00:00.002 . Memory (MB): peak = 1730.953 ; gain = 0.000
INFO: [Common 17-1381] The checkpoint 'C:/Users/santiago/Desktop/Diseno de Sistemas Digitales/actividad7y8/project_1/project_1.runs/synth_1/padovan.dcp' has been generated.
INFO: [Vivado 12-24828] Executing command : report_utilization -file padovan_utilization_synth.rpt -pb padovan_utilization_synth.pb
INFO: [Common 17-206] Exiting Vivado at Sun Nov  9 20:18:53 2025...
