Copyright 1986-2022 Xilinx, Inc. All Rights Reserved. Copyright 2022-2025 Advanced Micro Devices, Inc. All Rights Reserved.
---------------------------------------------------------------------------------------------------------------------------------------------
| Tool Version : Vivado v.2025.1 (win64) Build 6140274 Thu May 22 00:12:29 MDT 2025
| Date         : Wed Oct 22 00:05:55 2025
| Host         : DESKTOP-SL0FT3E running 64-bit major release  (build 9200)
| Command      : report_control_sets -verbose -file gdc_top_control_sets_placed.rpt
| Design       : gdc_top
| Device       : xc7a35t
---------------------------------------------------------------------------------------------------------------------------------------------

Control Set Information

Table of Contents
-----------------
1. Summary
2. Histogram
3. Flip-Flop Distribution
4. Detailed Control Set Information

1. Summary
----------

+----------------------------------------------------------+-------+
|                          Status                          | Count |
+----------------------------------------------------------+-------+
| Total control sets                                       |     5 |
|    Minimum number of control sets                        |     5 |
|    Addition due to synthesis replication                 |     0 |
|    Addition due to physical synthesis replication        |     0 |
| Unused register locations in slices containing registers |    10 |
+----------------------------------------------------------+-------+
* Control sets can be merged at opt_design using control_set_merge or merge_equivalent_drivers
** Run report_qor_suggestions for automated merging and remapping suggestions


2. Histogram
------------

+--------------------+-------+
|       Fanout       | Count |
+--------------------+-------+
| Total control sets |     5 |
| >= 0 to < 4        |     0 |
| >= 4 to < 6        |     0 |
| >= 6 to < 8        |     0 |
| >= 8 to < 10       |     3 |
| >= 10 to < 12      |     0 |
| >= 12 to < 14      |     0 |
| >= 14 to < 16      |     0 |
| >= 16              |     2 |
+--------------------+-------+
* Control sets can be remapped at either synth_design or opt_design


3. Flip-Flop Distribution
-------------------------

+--------------+-----------------------+------------------------+-----------------+--------------+
| Clock Enable | Synchronous Set/Reset | Asynchronous Set/Reset | Total Registers | Total Slices |
+--------------+-----------------------+------------------------+-----------------+--------------+
| No           | No                    | No                     |              21 |            6 |
| No           | No                    | Yes                    |              25 |            9 |
| No           | Yes                   | No                     |               0 |            0 |
| Yes          | No                    | No                     |               0 |            0 |
| Yes          | No                    | Yes                    |              24 |            8 |
| Yes          | Yes                   | No                     |               0 |            0 |
+--------------+-----------------------+------------------------+-----------------+--------------+


4. Detailed Control Set Information
-----------------------------------

+----------------+------------------------------------------+------------------+------------------+----------------+--------------+
|  Clock Signal  |               Enable Signal              | Set/Reset Signal | Slice Load Count | Bel Load Count | Bels / Slice |
+----------------+------------------------------------------+------------------+------------------+----------------+--------------+
|  clk_IBUF_BUFG | c_u/FSM_sequential_state_reg_reg[0]_0[0] | clr_IBUF         |                2 |              8 |         4.00 |
|  clk_IBUF_BUFG | c_u/E[0]                                 | clr_IBUF         |                4 |              8 |         2.00 |
|  clk_IBUF_BUFG | c_u/FSM_sequential_state_reg_reg[2]_0[0] | clr_IBUF         |                2 |              8 |         4.00 |
|  clk_IBUF_BUFG |                                          |                  |                6 |             21 |         3.50 |
|  clk_IBUF_BUFG |                                          | clr_IBUF         |                9 |             25 |         2.78 |
+----------------+------------------------------------------+------------------+------------------+----------------+--------------+


