
*** Running vivado
    with args -log rx_test_top.vds -m64 -product Vivado -mode batch -messageDb vivado.pb -notrace -source rx_test_top.tcl



****** Vivado v2025.1 (64-bit)
  **** SW Build 6140274 on Thu May 22 00:12:29 MDT 2025
  **** IP Build 6138677 on Thu May 22 03:10:11 MDT 2025
  **** SharedData Build 6139179 on Tue May 20 17:58:58 MDT 2025
  **** Start of session at: Tue Nov 25 19:18:43 2025
    ** Copyright 1986-2022 Xilinx, Inc. All Rights Reserved.
    ** Copyright 2022-2025 Advanced Micro Devices, Inc. All Rights Reserved.

source rx_test_top.tcl -notrace
create_project: Time (s): cpu = 00:00:08 ; elapsed = 00:00:05 . Memory (MB): peak = 496.996 ; gain = 213.598
Command: read_checkpoint -auto_incremental -incremental {C:/Users/santiago/Desktop/Diseno de Sistemas Digitales/uart/uart/uart.srcs/utils_1/imports/synth_1/tx_test_top.dcp}
INFO: [Vivado 12-5825] Read reference checkpoint from C:/Users/santiago/Desktop/Diseno de Sistemas Digitales/uart/uart/uart.srcs/utils_1/imports/synth_1/tx_test_top.dcp for incremental synthesis
INFO: [Vivado 12-7989] Please ensure there are no constraint changes
Command: synth_design -top rx_test_top -part xc7a35tcpg236-1
Starting synth_design
Attempting to get a license for feature 'Synthesis' and/or device 'xc7a35t'
INFO: [Common 17-349] Got license for feature 'Synthesis' and/or device 'xc7a35t'
INFO: [Device 21-403] Loading part xc7a35tcpg236-1
INFO: [Designutils 20-5440] No compile time benefit to using incremental synthesis; A full resynthesis will be run
INFO: [Designutils 20-4379] Flow is switching to default flow due to incremental criteria not met. If you would like to alter this behaviour and have the flow terminate instead, please set the following parameter config_implementation {autoIncr.Synth.RejectBehavior Terminate}
INFO: [Synth 8-7079] Multithreading enabled for synth_design using a maximum of 2 processes.
INFO: [Synth 8-7078] Launching helper process for spawning children vivado processes
INFO: [Synth 8-7075] Helper process launched with PID 16672
---------------------------------------------------------------------------------
Starting RTL Elaboration : Time (s): cpu = 00:00:04 ; elapsed = 00:00:05 . Memory (MB): peak = 1186.156 ; gain = 494.168
---------------------------------------------------------------------------------
INFO: [Synth 8-11241] undeclared symbol 'rdrf_clr', assumed default net type 'wire' [C:/Users/santiago/Desktop/Diseno de Sistemas Digitales/uart/uart/uart.srcs/sources_1/new/rx_test_top.sv:35]
INFO: [Synth 8-11241] undeclared symbol 'rdrf', assumed default net type 'wire' [C:/Users/santiago/Desktop/Diseno de Sistemas Digitales/uart/uart/uart.srcs/sources_1/new/rx_test_top.sv:35]
INFO: [Synth 8-6157] synthesizing module 'rx_test_top' [C:/Users/santiago/Desktop/Diseno de Sistemas Digitales/uart/uart/uart.srcs/sources_1/new/rx_test_top.sv:23]
INFO: [Synth 8-6157] synthesizing module 'uart_rx' [C:/Users/santiago/Desktop/Diseno de Sistemas Digitales/uart/uart/uart.srcs/sources_1/new/uart_rx.sv:21]
INFO: [Synth 8-155] case statement is not full and has no default [C:/Users/santiago/Desktop/Diseno de Sistemas Digitales/uart/uart/uart.srcs/sources_1/new/uart_rx.sv:42]
INFO: [Synth 8-155] case statement is not full and has no default [C:/Users/santiago/Desktop/Diseno de Sistemas Digitales/uart/uart/uart.srcs/sources_1/new/uart_rx.sv:68]
INFO: [Synth 8-6155] done synthesizing module 'uart_rx' (0#1) [C:/Users/santiago/Desktop/Diseno de Sistemas Digitales/uart/uart/uart.srcs/sources_1/new/uart_rx.sv:21]
INFO: [Synth 8-6157] synthesizing module 'rx_test' [C:/Users/santiago/Desktop/Diseno de Sistemas Digitales/uart/uart/uart.srcs/sources_1/new/rx_test.sv:23]
INFO: [Synth 8-155] case statement is not full and has no default [C:/Users/santiago/Desktop/Diseno de Sistemas Digitales/uart/uart/uart.srcs/sources_1/new/rx_test.sv:39]
INFO: [Synth 8-6155] done synthesizing module 'rx_test' (0#1) [C:/Users/santiago/Desktop/Diseno de Sistemas Digitales/uart/uart/uart.srcs/sources_1/new/rx_test.sv:23]
INFO: [Synth 8-6157] synthesizing module 'disp_mux' [C:/Users/santiago/Desktop/Diseno de Sistemas Digitales/clase24sept/project_1/project_1.srcs/sources_1/new/disp_mux.sv:23]
INFO: [Synth 8-226] default block is never used [C:/Users/santiago/Desktop/Diseno de Sistemas Digitales/clase24sept/project_1/project_1.srcs/sources_1/new/disp_mux.sv:44]
INFO: [Synth 8-226] default block is never used [C:/Users/santiago/Desktop/Diseno de Sistemas Digitales/clase24sept/project_1/project_1.srcs/sources_1/new/disp_mux.sv:75]
INFO: [Synth 8-6155] done synthesizing module 'disp_mux' (0#1) [C:/Users/santiago/Desktop/Diseno de Sistemas Digitales/clase24sept/project_1/project_1.srcs/sources_1/new/disp_mux.sv:23]
WARNING: [Synth 8-7071] port 'hex2' of module 'disp_mux' is unconnected for instance 'U3' [C:/Users/santiago/Desktop/Diseno de Sistemas Digitales/uart/uart/uart.srcs/sources_1/new/rx_test_top.sv:37]
WARNING: [Synth 8-7071] port 'hex3' of module 'disp_mux' is unconnected for instance 'U3' [C:/Users/santiago/Desktop/Diseno de Sistemas Digitales/uart/uart/uart.srcs/sources_1/new/rx_test_top.sv:37]
WARNING: [Synth 8-7023] instance 'U3' of module 'disp_mux' has 9 connections declared, but only 7 given [C:/Users/santiago/Desktop/Diseno de Sistemas Digitales/uart/uart/uart.srcs/sources_1/new/rx_test_top.sv:37]
INFO: [Synth 8-6155] done synthesizing module 'rx_test_top' (0#1) [C:/Users/santiago/Desktop/Diseno de Sistemas Digitales/uart/uart/uart.srcs/sources_1/new/rx_test_top.sv:23]
WARNING: [Synth 8-7137] Register rdrf_reg in module uart_rx has both Set and reset with same priority. This may cause simulation mismatches. Consider rewriting code  [C:/Users/santiago/Desktop/Diseno de Sistemas Digitales/uart/uart/uart.srcs/sources_1/new/uart_rx.sv:41]
WARNING: [Synth 8-7137] Register bit_count_reg in module uart_rx has both Set and reset with same priority. This may cause simulation mismatches. Consider rewriting code  [C:/Users/santiago/Desktop/Diseno de Sistemas Digitales/uart/uart/uart.srcs/sources_1/new/uart_rx.sv:44]
WARNING: [Synth 8-7137] Register baud_count_reg in module uart_rx has both Set and reset with same priority. This may cause simulation mismatches. Consider rewriting code  [C:/Users/santiago/Desktop/Diseno de Sistemas Digitales/uart/uart/uart.srcs/sources_1/new/uart_rx.sv:45]
WARNING: [Synth 8-7137] Register FE_reg in module uart_rx has both Set and reset with same priority. This may cause simulation mismatches. Consider rewriting code  [C:/Users/santiago/Desktop/Diseno de Sistemas Digitales/uart/uart/uart.srcs/sources_1/new/uart_rx.sv:47]
WARNING: [Synth 8-7137] Register rxbuff_reg in module uart_rx has both Set and reset with same priority. This may cause simulation mismatches. Consider rewriting code  [C:/Users/santiago/Desktop/Diseno de Sistemas Digitales/uart/uart/uart.srcs/sources_1/new/uart_rx.sv:56]
WARNING: [Synth 8-7137] Register rx_data_reg in module uart_rx has both Set and reset with same priority. This may cause simulation mismatches. Consider rewriting code  [C:/Users/santiago/Desktop/Diseno de Sistemas Digitales/uart/uart/uart.srcs/sources_1/new/uart_rx.sv:59]
WARNING: [Synth 8-87] always_comb on 'state_next_reg' did not result in combinational logic [C:/Users/santiago/Desktop/Diseno de Sistemas Digitales/uart/uart/uart.srcs/sources_1/new/uart_rx.sv:70]
---------------------------------------------------------------------------------
Finished RTL Elaboration : Time (s): cpu = 00:00:06 ; elapsed = 00:00:06 . Memory (MB): peak = 1293.281 ; gain = 601.293
---------------------------------------------------------------------------------
---------------------------------------------------------------------------------
Start Handling Custom Attributes
---------------------------------------------------------------------------------
---------------------------------------------------------------------------------
Finished Handling Custom Attributes : Time (s): cpu = 00:00:06 ; elapsed = 00:00:06 . Memory (MB): peak = 1293.281 ; gain = 601.293
---------------------------------------------------------------------------------
---------------------------------------------------------------------------------
Finished RTL Optimization Phase 1 : Time (s): cpu = 00:00:06 ; elapsed = 00:00:06 . Memory (MB): peak = 1293.281 ; gain = 601.293
---------------------------------------------------------------------------------
Netlist sorting complete. Time (s): cpu = 00:00:00 ; elapsed = 00:00:00.002 . Memory (MB): peak = 1293.281 ; gain = 0.000
INFO: [Project 1-570] Preparing netlist for logic optimization

Processing XDC Constraints
Initializing timing engine
Parsing XDC File [C:/Users/santiago/Desktop/Diseno de Sistemas Digitales/uart/uart/uart.srcs/constrs_1/imports/xdc files/Basys-3-Master.xdc]
Finished Parsing XDC File [C:/Users/santiago/Desktop/Diseno de Sistemas Digitales/uart/uart/uart.srcs/constrs_1/imports/xdc files/Basys-3-Master.xdc]
INFO: [Project 1-236] Implementation specific constraints were found while reading constraint file [C:/Users/santiago/Desktop/Diseno de Sistemas Digitales/uart/uart/uart.srcs/constrs_1/imports/xdc files/Basys-3-Master.xdc]. These constraints will be ignored for synthesis but will be used in implementation. Impacted constraints are listed in the file [.Xil/rx_test_top_propImpl.xdc].
Resolution: To avoid this warning, move constraints listed in [.Xil/rx_test_top_propImpl.xdc] to another XDC file and exclude this new file from synthesis with the used_in_synthesis property (File Properties dialog in GUI) and re-run elaboration/synthesis.
Completed Processing XDC Constraints

Netlist sorting complete. Time (s): cpu = 00:00:00 ; elapsed = 00:00:00 . Memory (MB): peak = 1344.602 ; gain = 0.000
INFO: [Project 1-111] Unisim Transformation Summary:
No Unisim elements were transformed.

Constraint Validation Runtime : Time (s): cpu = 00:00:00 ; elapsed = 00:00:00.002 . Memory (MB): peak = 1344.602 ; gain = 0.000
INFO: [Designutils 20-5440] No compile time benefit to using incremental synthesis; A full resynthesis will be run
INFO: [Designutils 20-4379] Flow is switching to default flow due to incremental criteria not met. If you would like to alter this behaviour and have the flow terminate instead, please set the following parameter config_implementation {autoIncr.Synth.RejectBehavior Terminate}
---------------------------------------------------------------------------------
Finished Constraint Validation : Time (s): cpu = 00:00:12 ; elapsed = 00:00:13 . Memory (MB): peak = 1344.602 ; gain = 652.613
---------------------------------------------------------------------------------
---------------------------------------------------------------------------------
Start Loading Part and Timing Information
---------------------------------------------------------------------------------
Loading part: xc7a35tcpg236-1
---------------------------------------------------------------------------------
Finished Loading Part and Timing Information : Time (s): cpu = 00:00:12 ; elapsed = 00:00:13 . Memory (MB): peak = 1344.602 ; gain = 652.613
---------------------------------------------------------------------------------
---------------------------------------------------------------------------------
Start Applying 'set_property' XDC Constraints
---------------------------------------------------------------------------------
---------------------------------------------------------------------------------
Finished applying 'set_property' XDC Constraints : Time (s): cpu = 00:00:12 ; elapsed = 00:00:13 . Memory (MB): peak = 1344.602 ; gain = 652.613
---------------------------------------------------------------------------------
INFO: [Synth 8-802] inferred FSM for state register 'state_reg_reg' in module 'uart_rx'
INFO: [Synth 8-802] inferred FSM for state register 'state_reg_reg' in module 'rx_test'
WARNING: [Synth 8-327] inferring latch for variable 'FSM_sequential_state_next_reg' [C:/Users/santiago/Desktop/Diseno de Sistemas Digitales/uart/uart/uart.srcs/sources_1/new/uart_rx.sv:70]
WARNING: [Synth 8-327] inferring latch for variable 'FSM_onehot_state_next_reg' [C:/Users/santiago/Desktop/Diseno de Sistemas Digitales/uart/uart/uart.srcs/sources_1/new/uart_rx.sv:70]
---------------------------------------------------------------------------------------------------
                   State |                     New Encoding |                Previous Encoding 
---------------------------------------------------------------------------------------------------
                    mark |                            00001 | 00000000000000000000000000000001
                   start |                            00010 | 00000000000000000000000000000000
                   delay |                            00100 | 00000000000000000000000000000011
                    stop |                            01000 | 00000000000000000000000000000010
                   shift |                            10000 | 00000000000000000000000000000100
---------------------------------------------------------------------------------------------------
INFO: [Synth 8-3354] encoded FSM with state register 'state_reg_reg' using encoding 'one-hot' in module 'uart_rx'
WARNING: [Synth 8-327] inferring latch for variable 'FSM_onehot_state_next_reg' [C:/Users/santiago/Desktop/Diseno de Sistemas Digitales/uart/uart/uart.srcs/sources_1/new/uart_rx.sv:70]
---------------------------------------------------------------------------------------------------
                   State |                     New Encoding |                Previous Encoding 
---------------------------------------------------------------------------------------------------
                  wtrdfr |                                0 | 00000000000000000000000000000000
                    load |                                1 | 00000000000000000000000000000001
---------------------------------------------------------------------------------------------------
INFO: [Synth 8-3354] encoded FSM with state register 'state_reg_reg' using encoding 'sequential' in module 'rx_test'
---------------------------------------------------------------------------------
Finished RTL Optimization Phase 2 : Time (s): cpu = 00:00:12 ; elapsed = 00:00:13 . Memory (MB): peak = 1344.602 ; gain = 652.613
---------------------------------------------------------------------------------
---------------------------------------------------------------------------------
Start RTL Component Statistics 
---------------------------------------------------------------------------------
Detailed RTL Component Info : 
+---Adders : 
	   2 Input   16 Bit       Adders := 1     
	   2 Input    8 Bit       Adders := 1     
+---Registers : 
	               16 Bit    Registers := 1     
	                8 Bit    Registers := 3     
	                1 Bit    Registers := 3     
+---Muxes : 
	   5 Input   32 Bit        Muxes := 1     
	   5 Input   16 Bit        Muxes := 1     
	   5 Input    8 Bit        Muxes := 1     
	   5 Input    5 Bit        Muxes := 1     
	   2 Input    5 Bit        Muxes := 4     
	   4 Input    4 Bit        Muxes := 2     
	   2 Input    1 Bit        Muxes := 6     
	   5 Input    1 Bit        Muxes := 6     
	   4 Input    1 Bit        Muxes := 1     
---------------------------------------------------------------------------------
Finished RTL Component Statistics 
---------------------------------------------------------------------------------
---------------------------------------------------------------------------------
Start Part Resource Summary
---------------------------------------------------------------------------------
Part Resources:
DSPs: 90 (col length:60)
BRAMs: 100 (col length: RAMB18 60 RAMB36 30)
---------------------------------------------------------------------------------
Finished Part Resource Summary
---------------------------------------------------------------------------------
---------------------------------------------------------------------------------
Start Cross Boundary and Area Optimization
---------------------------------------------------------------------------------
WARNING: [Synth 8-7080] Parallel synthesis criteria is not met
WARNING: [Synth 8-3332] Sequential element (U2/FSM_sequential_state_reg_reg) is unused and will be removed from module rx_test_top.
---------------------------------------------------------------------------------
Finished Cross Boundary and Area Optimization : Time (s): cpu = 00:00:14 ; elapsed = 00:00:15 . Memory (MB): peak = 1352.227 ; gain = 660.238
---------------------------------------------------------------------------------
---------------------------------------------------------------------------------
Start Applying XDC Timing Constraints
---------------------------------------------------------------------------------
---------------------------------------------------------------------------------
Finished Applying XDC Timing Constraints : Time (s): cpu = 00:00:19 ; elapsed = 00:00:21 . Memory (MB): peak = 1496.207 ; gain = 804.219
---------------------------------------------------------------------------------
---------------------------------------------------------------------------------
Start Timing Optimization
---------------------------------------------------------------------------------
---------------------------------------------------------------------------------
Finished Timing Optimization : Time (s): cpu = 00:00:19 ; elapsed = 00:00:21 . Memory (MB): peak = 1496.207 ; gain = 804.219
---------------------------------------------------------------------------------
---------------------------------------------------------------------------------
Start Technology Mapping
---------------------------------------------------------------------------------
---------------------------------------------------------------------------------
Finished Technology Mapping : Time (s): cpu = 00:00:19 ; elapsed = 00:00:21 . Memory (MB): peak = 1515.297 ; gain = 823.309
---------------------------------------------------------------------------------
---------------------------------------------------------------------------------
Start IO Insertion
---------------------------------------------------------------------------------
---------------------------------------------------------------------------------
Start Flattening Before IO Insertion
---------------------------------------------------------------------------------
---------------------------------------------------------------------------------
Finished Flattening Before IO Insertion
---------------------------------------------------------------------------------
---------------------------------------------------------------------------------
Start Final Netlist Cleanup
---------------------------------------------------------------------------------
---------------------------------------------------------------------------------
Finished Final Netlist Cleanup
---------------------------------------------------------------------------------
---------------------------------------------------------------------------------
Finished IO Insertion : Time (s): cpu = 00:00:22 ; elapsed = 00:00:24 . Memory (MB): peak = 1740.953 ; gain = 1048.965
---------------------------------------------------------------------------------
---------------------------------------------------------------------------------
Start Renaming Generated Instances
---------------------------------------------------------------------------------
---------------------------------------------------------------------------------
Finished Renaming Generated Instances : Time (s): cpu = 00:00:22 ; elapsed = 00:00:24 . Memory (MB): peak = 1740.953 ; gain = 1048.965
---------------------------------------------------------------------------------
---------------------------------------------------------------------------------
Start Rebuilding User Hierarchy
---------------------------------------------------------------------------------
---------------------------------------------------------------------------------
Finished Rebuilding User Hierarchy : Time (s): cpu = 00:00:22 ; elapsed = 00:00:24 . Memory (MB): peak = 1740.953 ; gain = 1048.965
---------------------------------------------------------------------------------
---------------------------------------------------------------------------------
Start Renaming Generated Ports
---------------------------------------------------------------------------------
---------------------------------------------------------------------------------
Finished Renaming Generated Ports : Time (s): cpu = 00:00:22 ; elapsed = 00:00:24 . Memory (MB): peak = 1740.953 ; gain = 1048.965
---------------------------------------------------------------------------------
---------------------------------------------------------------------------------
Start Handling Custom Attributes
---------------------------------------------------------------------------------
---------------------------------------------------------------------------------
Finished Handling Custom Attributes : Time (s): cpu = 00:00:22 ; elapsed = 00:00:24 . Memory (MB): peak = 1740.953 ; gain = 1048.965
---------------------------------------------------------------------------------
---------------------------------------------------------------------------------
Start Renaming Generated Nets
---------------------------------------------------------------------------------
---------------------------------------------------------------------------------
Finished Renaming Generated Nets : Time (s): cpu = 00:00:22 ; elapsed = 00:00:24 . Memory (MB): peak = 1740.953 ; gain = 1048.965
---------------------------------------------------------------------------------
---------------------------------------------------------------------------------
Start Writing Synthesis Report
---------------------------------------------------------------------------------

Report BlackBoxes: 
+-+--------------+----------+
| |BlackBox name |Instances |
+-+--------------+----------+
+-+--------------+----------+

Report Cell Usage: 
+------+-------+------+
|      |Cell   |Count |
+------+-------+------+
|1     |BUFG   |     1|
|2     |CARRY4 |     9|
|3     |LUT1   |     3|
|4     |LUT2   |     9|
|5     |LUT3   |     7|
|6     |LUT4   |    15|
|7     |LUT5   |     6|
|8     |LUT6   |     6|
|9     |FDCE   |    22|
|10    |FDPE   |     1|
|11    |FDRE   |    41|
|12    |LD     |     5|
|13    |IBUF   |     3|
|14    |OBUF   |    13|
+------+-------+------+
---------------------------------------------------------------------------------
Finished Writing Synthesis Report : Time (s): cpu = 00:00:23 ; elapsed = 00:00:24 . Memory (MB): peak = 1740.953 ; gain = 1048.965
---------------------------------------------------------------------------------
Synthesis finished with 0 errors, 0 critical warnings and 5 warnings.
Synthesis Optimization Runtime : Time (s): cpu = 00:00:16 ; elapsed = 00:00:23 . Memory (MB): peak = 1740.953 ; gain = 997.645
Synthesis Optimization Complete : Time (s): cpu = 00:00:23 ; elapsed = 00:00:24 . Memory (MB): peak = 1740.953 ; gain = 1048.965
INFO: [Project 1-571] Translating synthesized netlist
Netlist sorting complete. Time (s): cpu = 00:00:00 ; elapsed = 00:00:00.001 . Memory (MB): peak = 1750.160 ; gain = 0.000
INFO: [Netlist 29-17] Analyzing 14 Unisim elements for replacement
INFO: [Netlist 29-28] Unisim Transformation completed in 0 CPU seconds
INFO: [Project 1-570] Preparing netlist for logic optimization
INFO: [Opt 31-138] Pushed 0 inverter(s) to 0 load pin(s).
Netlist sorting complete. Time (s): cpu = 00:00:00 ; elapsed = 00:00:00 . Memory (MB): peak = 1753.820 ; gain = 0.000
INFO: [Project 1-111] Unisim Transformation Summary:
  A total of 5 instances were transformed.
  LD => LDCE: 5 instances

Synth Design complete | Checksum: 583335ef
INFO: [Common 17-83] Releasing license: Synthesis
40 Infos, 15 Warnings, 0 Critical Warnings and 0 Errors encountered.
synth_design completed successfully
synth_design: Time (s): cpu = 00:00:25 ; elapsed = 00:00:29 . Memory (MB): peak = 1753.820 ; gain = 1250.254
Write ShapeDB Complete: Time (s): cpu = 00:00:00 ; elapsed = 00:00:00.001 . Memory (MB): peak = 1753.820 ; gain = 0.000
INFO: [Common 17-1381] The checkpoint 'C:/Users/santiago/Desktop/Diseno de Sistemas Digitales/uart/uart/uart.runs/synth_1/rx_test_top.dcp' has been generated.
INFO: [Vivado 12-24828] Executing command : report_utilization -file rx_test_top_utilization_synth.rpt -pb rx_test_top_utilization_synth.pb
INFO: [Common 17-206] Exiting Vivado at Tue Nov 25 19:19:20 2025...
