
*** Running vivado
    with args -log top_system.vdi -applog -m64 -product Vivado -messageDb vivado.pb -mode batch -source top_system.tcl -notrace



****** Vivado v2025.1 (64-bit)
  **** SW Build 6140274 on Thu May 22 00:12:29 MDT 2025
  **** IP Build 6138677 on Thu May 22 03:10:11 MDT 2025
  **** SharedData Build 6139179 on Tue May 20 17:58:58 MDT 2025
  **** Start of session at: Tue Dec  9 20:43:32 2025
    ** Copyright 1986-2022 Xilinx, Inc. All Rights Reserved.
    ** Copyright 2022-2025 Advanced Micro Devices, Inc. All Rights Reserved.

source top_system.tcl -notrace
create_project: Time (s): cpu = 00:00:08 ; elapsed = 00:00:05 . Memory (MB): peak = 496.941 ; gain = 214.285
Command: link_design -top top_system -part xc7a35tcpg236-1
Design is defaulting to srcset: sources_1
Design is defaulting to constrset: constrs_1
INFO: [Device 21-403] Loading part xc7a35tcpg236-1
Netlist sorting complete. Time (s): cpu = 00:00:00 ; elapsed = 00:00:00.010 . Memory (MB): peak = 699.410 ; gain = 0.000
INFO: [Netlist 29-17] Analyzing 96 Unisim elements for replacement
INFO: [Netlist 29-28] Unisim Transformation completed in 0 CPU seconds
INFO: [Project 1-479] Netlist was created with Vivado 2025.1
INFO: [Project 1-570] Preparing netlist for logic optimization
Parsing XDC File [C:/Users/santiago/Desktop/Diseno de Sistemas Digitales/actividad7y8/project_1/project_1.srcs/constrs_1/imports/xdc files/Basys-3-Master.xdc]
WARNING: [Vivado 12-584] No ports matched 'n_val[0]'. [C:/Users/santiago/Desktop/Diseno de Sistemas Digitales/actividad7y8/project_1/project_1.srcs/constrs_1/imports/xdc files/Basys-3-Master.xdc:12]
CRITICAL WARNING: [Common 17-55] 'set_property' expects at least one object. [C:/Users/santiago/Desktop/Diseno de Sistemas Digitales/actividad7y8/project_1/project_1.srcs/constrs_1/imports/xdc files/Basys-3-Master.xdc:12]
Resolution: If [get_<value>] was used to populate the object, check to make sure this command returns at least one valid object.
WARNING: [Vivado 12-584] No ports matched 'n_val[1]'. [C:/Users/santiago/Desktop/Diseno de Sistemas Digitales/actividad7y8/project_1/project_1.srcs/constrs_1/imports/xdc files/Basys-3-Master.xdc:13]
CRITICAL WARNING: [Common 17-55] 'set_property' expects at least one object. [C:/Users/santiago/Desktop/Diseno de Sistemas Digitales/actividad7y8/project_1/project_1.srcs/constrs_1/imports/xdc files/Basys-3-Master.xdc:13]
Resolution: If [get_<value>] was used to populate the object, check to make sure this command returns at least one valid object.
WARNING: [Vivado 12-584] No ports matched 'n_val[2]'. [C:/Users/santiago/Desktop/Diseno de Sistemas Digitales/actividad7y8/project_1/project_1.srcs/constrs_1/imports/xdc files/Basys-3-Master.xdc:14]
CRITICAL WARNING: [Common 17-55] 'set_property' expects at least one object. [C:/Users/santiago/Desktop/Diseno de Sistemas Digitales/actividad7y8/project_1/project_1.srcs/constrs_1/imports/xdc files/Basys-3-Master.xdc:14]
Resolution: If [get_<value>] was used to populate the object, check to make sure this command returns at least one valid object.
WARNING: [Vivado 12-584] No ports matched 'n_val[3]'. [C:/Users/santiago/Desktop/Diseno de Sistemas Digitales/actividad7y8/project_1/project_1.srcs/constrs_1/imports/xdc files/Basys-3-Master.xdc:15]
CRITICAL WARNING: [Common 17-55] 'set_property' expects at least one object. [C:/Users/santiago/Desktop/Diseno de Sistemas Digitales/actividad7y8/project_1/project_1.srcs/constrs_1/imports/xdc files/Basys-3-Master.xdc:15]
Resolution: If [get_<value>] was used to populate the object, check to make sure this command returns at least one valid object.
WARNING: [Vivado 12-584] No ports matched 'n_val[4]'. [C:/Users/santiago/Desktop/Diseno de Sistemas Digitales/actividad7y8/project_1/project_1.srcs/constrs_1/imports/xdc files/Basys-3-Master.xdc:16]
CRITICAL WARNING: [Common 17-55] 'set_property' expects at least one object. [C:/Users/santiago/Desktop/Diseno de Sistemas Digitales/actividad7y8/project_1/project_1.srcs/constrs_1/imports/xdc files/Basys-3-Master.xdc:16]
Resolution: If [get_<value>] was used to populate the object, check to make sure this command returns at least one valid object.
WARNING: [Vivado 12-584] No ports matched 'n_val[5]'. [C:/Users/santiago/Desktop/Diseno de Sistemas Digitales/actividad7y8/project_1/project_1.srcs/constrs_1/imports/xdc files/Basys-3-Master.xdc:17]
CRITICAL WARNING: [Common 17-55] 'set_property' expects at least one object. [C:/Users/santiago/Desktop/Diseno de Sistemas Digitales/actividad7y8/project_1/project_1.srcs/constrs_1/imports/xdc files/Basys-3-Master.xdc:17]
Resolution: If [get_<value>] was used to populate the object, check to make sure this command returns at least one valid object.
WARNING: [Vivado 12-584] No ports matched 'n_val[6]'. [C:/Users/santiago/Desktop/Diseno de Sistemas Digitales/actividad7y8/project_1/project_1.srcs/constrs_1/imports/xdc files/Basys-3-Master.xdc:18]
CRITICAL WARNING: [Common 17-55] 'set_property' expects at least one object. [C:/Users/santiago/Desktop/Diseno de Sistemas Digitales/actividad7y8/project_1/project_1.srcs/constrs_1/imports/xdc files/Basys-3-Master.xdc:18]
Resolution: If [get_<value>] was used to populate the object, check to make sure this command returns at least one valid object.
WARNING: [Vivado 12-584] No ports matched 'n_val[7]'. [C:/Users/santiago/Desktop/Diseno de Sistemas Digitales/actividad7y8/project_1/project_1.srcs/constrs_1/imports/xdc files/Basys-3-Master.xdc:19]
CRITICAL WARNING: [Common 17-55] 'set_property' expects at least one object. [C:/Users/santiago/Desktop/Diseno de Sistemas Digitales/actividad7y8/project_1/project_1.srcs/constrs_1/imports/xdc files/Basys-3-Master.xdc:19]
Resolution: If [get_<value>] was used to populate the object, check to make sure this command returns at least one valid object.
WARNING: [Vivado 12-584] No ports matched 'op_sel'. [C:/Users/santiago/Desktop/Diseno de Sistemas Digitales/actividad7y8/project_1/project_1.srcs/constrs_1/imports/xdc files/Basys-3-Master.xdc:27]
CRITICAL WARNING: [Common 17-55] 'set_property' expects at least one object. [C:/Users/santiago/Desktop/Diseno de Sistemas Digitales/actividad7y8/project_1/project_1.srcs/constrs_1/imports/xdc files/Basys-3-Master.xdc:27]
Resolution: If [get_<value>] was used to populate the object, check to make sure this command returns at least one valid object.
WARNING: [Vivado 12-584] No ports matched 'go'. [C:/Users/santiago/Desktop/Diseno de Sistemas Digitales/actividad7y8/project_1/project_1.srcs/constrs_1/imports/xdc files/Basys-3-Master.xdc:68]
CRITICAL WARNING: [Common 17-55] 'set_property' expects at least one object. [C:/Users/santiago/Desktop/Diseno de Sistemas Digitales/actividad7y8/project_1/project_1.srcs/constrs_1/imports/xdc files/Basys-3-Master.xdc:68]
Resolution: If [get_<value>] was used to populate the object, check to make sure this command returns at least one valid object.
Finished Parsing XDC File [C:/Users/santiago/Desktop/Diseno de Sistemas Digitales/actividad7y8/project_1/project_1.srcs/constrs_1/imports/xdc files/Basys-3-Master.xdc]
INFO: [Opt 31-138] Pushed 0 inverter(s) to 0 load pin(s).
Netlist sorting complete. Time (s): cpu = 00:00:00 ; elapsed = 00:00:00.001 . Memory (MB): peak = 821.395 ; gain = 0.000
INFO: [Project 1-111] Unisim Transformation Summary:
No Unisim elements were transformed.

7 Infos, 10 Warnings, 10 Critical Warnings and 0 Errors encountered.
link_design completed successfully
Command: opt_design
Attempting to get a license for feature 'Implementation' and/or device 'xc7a35t'
INFO: [Common 17-349] Got license for feature 'Implementation' and/or device 'xc7a35t'
Running DRC as a precondition to command opt_design

Starting DRC Task
INFO: [DRC 23-27] Running DRC with 2 threads
INFO: [Project 1-461] DRC finished with 0 Errors
INFO: [Project 1-462] Please refer to the DRC report (report_drc) for more information.

Time (s): cpu = 00:00:01 ; elapsed = 00:00:00.993 . Memory (MB): peak = 864.656 ; gain = 36.305

Starting Cache Timing Information Task
INFO: [Timing 38-35] Done setting XDC timing constraints.
Ending Cache Timing Information Task | Checksum: 2a6ce0670

Time (s): cpu = 00:00:06 ; elapsed = 00:00:06 . Memory (MB): peak = 1408.195 ; gain = 543.539

Starting Logic Optimization Task

Phase 1 Initialization

Phase 1.1 Core Generation And Design Setup
Phase 1.1 Core Generation And Design Setup | Checksum: 2a6ce0670

Time (s): cpu = 00:00:00 ; elapsed = 00:00:00.002 . Memory (MB): peak = 1837.312 ; gain = 0.000

Phase 1.2 Setup Constraints And Sort Netlist
Phase 1.2 Setup Constraints And Sort Netlist | Checksum: 2a6ce0670

Time (s): cpu = 00:00:00 ; elapsed = 00:00:00.004 . Memory (MB): peak = 1837.312 ; gain = 0.000
Phase 1 Initialization | Checksum: 2a6ce0670

Time (s): cpu = 00:00:00 ; elapsed = 00:00:00.004 . Memory (MB): peak = 1837.312 ; gain = 0.000

Phase 2 Timer Update And Timing Data Collection

Phase 2.1 Timer Update
Phase 2.1 Timer Update | Checksum: 2a6ce0670

Time (s): cpu = 00:00:00 ; elapsed = 00:00:00.027 . Memory (MB): peak = 1837.312 ; gain = 0.000

Phase 2.2 Timing Data Collection
Phase 2.2 Timing Data Collection | Checksum: 2a6ce0670

Time (s): cpu = 00:00:00 ; elapsed = 00:00:00.032 . Memory (MB): peak = 1837.312 ; gain = 0.000
Phase 2 Timer Update And Timing Data Collection | Checksum: 2a6ce0670

Time (s): cpu = 00:00:00 ; elapsed = 00:00:00.032 . Memory (MB): peak = 1837.312 ; gain = 0.000

Phase 3 Retarget
INFO: [Opt 31-1851] Number of loadless carry chains removed were: 0
INFO: [Opt 31-1834] Total Chains To Be Transformed Were: 0 AND Number of Transformed insts Created are: 0
INFO: [Opt 31-138] Pushed 0 inverter(s) to 0 load pin(s).
INFO: [Opt 31-49] Retargeted 0 cell(s).
Phase 3 Retarget | Checksum: 2a6ce0670

Time (s): cpu = 00:00:00 ; elapsed = 00:00:00.044 . Memory (MB): peak = 1837.312 ; gain = 0.000
Retarget | Checksum: 2a6ce0670
INFO: [Opt 31-389] Phase Retarget created 0 cells and removed 0 cells

Phase 4 Constant propagation
INFO: [Opt 31-138] Pushed 0 inverter(s) to 0 load pin(s).
Phase 4 Constant propagation | Checksum: 2763e6039

Time (s): cpu = 00:00:00 ; elapsed = 00:00:00.054 . Memory (MB): peak = 1837.312 ; gain = 0.000
Constant propagation | Checksum: 2763e6039
INFO: [Opt 31-389] Phase Constant propagation created 0 cells and removed 0 cells

Phase 5 Sweep
INFO: [Constraints 18-11670] Building netlist checker database with flags, 0x8
Done building netlist checker database: Time (s): cpu = 00:00:00 ; elapsed = 00:00:00 . Memory (MB): peak = 1837.312 ; gain = 0.000
Phase 5 Sweep | Checksum: 211e5ae47

Time (s): cpu = 00:00:00 ; elapsed = 00:00:00.066 . Memory (MB): peak = 1837.312 ; gain = 0.000
Sweep | Checksum: 211e5ae47
INFO: [Opt 31-389] Phase Sweep created 8 cells and removed 0 cells

Phase 6 BUFG optimization
Phase 6 BUFG optimization | Checksum: 211e5ae47

Time (s): cpu = 00:00:00 ; elapsed = 00:00:00.081 . Memory (MB): peak = 1837.312 ; gain = 0.000
BUFG optimization | Checksum: 211e5ae47
INFO: [Opt 31-662] Phase BUFG optimization created 0 cells of which 0 are BUFGs and removed 0 cells.

Phase 7 Shift Register Optimization
INFO: [Opt 31-1064] SRL Remap converted 0 SRLs to 0 registers and converted 0 registers of register chains to 0 SRLs
Phase 7 Shift Register Optimization | Checksum: 211e5ae47

Time (s): cpu = 00:00:00 ; elapsed = 00:00:00.084 . Memory (MB): peak = 1837.312 ; gain = 0.000
Shift Register Optimization | Checksum: 211e5ae47
INFO: [Opt 31-389] Phase Shift Register Optimization created 0 cells and removed 0 cells

Phase 8 Post Processing Netlist
Phase 8 Post Processing Netlist | Checksum: 211e5ae47

Time (s): cpu = 00:00:00 ; elapsed = 00:00:00.088 . Memory (MB): peak = 1837.312 ; gain = 0.000
Post Processing Netlist | Checksum: 211e5ae47
INFO: [Opt 31-389] Phase Post Processing Netlist created 0 cells and removed 0 cells

Phase 9 Finalization

Phase 9.1 Finalizing Design Cores and Updating Shapes
Phase 9.1 Finalizing Design Cores and Updating Shapes | Checksum: 21dd02947

Time (s): cpu = 00:00:00 ; elapsed = 00:00:00.118 . Memory (MB): peak = 1837.312 ; gain = 0.000

Phase 9.2 Verifying Netlist Connectivity

Starting Connectivity Check Task

Time (s): cpu = 00:00:00 ; elapsed = 00:00:00.006 . Memory (MB): peak = 1837.312 ; gain = 0.000
Phase 9.2 Verifying Netlist Connectivity | Checksum: 21dd02947

Time (s): cpu = 00:00:00 ; elapsed = 00:00:00.125 . Memory (MB): peak = 1837.312 ; gain = 0.000
Phase 9 Finalization | Checksum: 21dd02947

Time (s): cpu = 00:00:00 ; elapsed = 00:00:00.126 . Memory (MB): peak = 1837.312 ; gain = 0.000
Opt_design Change Summary
=========================


-------------------------------------------------------------------------------------------------------------------------
|  Phase                        |  #Cells created  |  #Cells Removed  |  #Constrained objects preventing optimizations  |
-------------------------------------------------------------------------------------------------------------------------
|  Retarget                     |               0  |               0  |                                              0  |
|  Constant propagation         |               0  |               0  |                                              0  |
|  Sweep                        |               8  |               0  |                                              0  |
|  BUFG optimization            |               0  |               0  |                                              0  |
|  Shift Register Optimization  |               0  |               0  |                                              0  |
|  Post Processing Netlist      |               0  |               0  |                                              0  |
-------------------------------------------------------------------------------------------------------------------------


Ending Logic Optimization Task | Checksum: 21dd02947

Time (s): cpu = 00:00:00 ; elapsed = 00:00:00.128 . Memory (MB): peak = 1837.312 ; gain = 0.000

Starting Power Optimization Task
INFO: [Pwropt 34-132] Skipping clock gating for clocks with a period < 2.00 ns.
Ending Power Optimization Task | Checksum: 21dd02947

Time (s): cpu = 00:00:00 ; elapsed = 00:00:00.006 . Memory (MB): peak = 1837.312 ; gain = 0.000

Starting Final Cleanup Task
Ending Final Cleanup Task | Checksum: 21dd02947

Time (s): cpu = 00:00:00 ; elapsed = 00:00:00.001 . Memory (MB): peak = 1837.312 ; gain = 0.000

Starting Netlist Obfuscation Task
Netlist sorting complete. Time (s): cpu = 00:00:00 ; elapsed = 00:00:00 . Memory (MB): peak = 1837.312 ; gain = 0.000
Ending Netlist Obfuscation Task | Checksum: 21dd02947

Time (s): cpu = 00:00:00 ; elapsed = 00:00:00.001 . Memory (MB): peak = 1837.312 ; gain = 0.000
INFO: [Common 17-83] Releasing license: Implementation
27 Infos, 10 Warnings, 10 Critical Warnings and 0 Errors encountered.
opt_design completed successfully
opt_design: Time (s): cpu = 00:00:10 ; elapsed = 00:00:10 . Memory (MB): peak = 1837.312 ; gain = 1008.961
INFO: [Vivado 12-24828] Executing command : report_drc -file top_system_drc_opted.rpt -pb top_system_drc_opted.pb -rpx top_system_drc_opted.rpx
Command: report_drc -file top_system_drc_opted.rpt -pb top_system_drc_opted.pb -rpx top_system_drc_opted.rpx
INFO: [IP_Flow 19-234] Refreshing IP repositories
INFO: [IP_Flow 19-1704] No user IP repositories specified
INFO: [IP_Flow 19-2313] Loaded Vivado IP repository 'C:/Xilinx/2025.1/Vivado/data/ip'.
INFO: [DRC 23-27] Running DRC with 2 threads
INFO: [Vivado_Tcl 2-168] The results of DRC are in file C:/Users/santiago/Desktop/Diseno de Sistemas Digitales/actividad7y8/project_1/project_1.runs/impl_1/top_system_drc_opted.rpt.
report_drc completed successfully
INFO: [Timing 38-480] Writing timing data to binary archive.
Wrote PlaceDB: Time (s): cpu = 00:00:00 ; elapsed = 00:00:00.002 . Memory (MB): peak = 1837.312 ; gain = 0.000
Wrote PulsedLatchDB: Time (s): cpu = 00:00:00 ; elapsed = 00:00:00 . Memory (MB): peak = 1837.312 ; gain = 0.000
Writing XDEF routing.
Write ShapeDB Complete: Time (s): cpu = 00:00:00 ; elapsed = 00:00:00.009 . Memory (MB): peak = 1837.312 ; gain = 0.000
Writing XDEF routing logical nets.
Writing XDEF routing special nets.
Wrote RouteStorage: Time (s): cpu = 00:00:00 ; elapsed = 00:00:00.020 . Memory (MB): peak = 1837.312 ; gain = 0.000
Wrote Netlist Cache: Time (s): cpu = 00:00:00 ; elapsed = 00:00:00 . Memory (MB): peak = 1837.312 ; gain = 0.000
Wrote Device Cache: Time (s): cpu = 00:00:00 ; elapsed = 00:00:00.011 . Memory (MB): peak = 1837.312 ; gain = 0.000
Write Physdb Complete: Time (s): cpu = 00:00:00 ; elapsed = 00:00:00.039 . Memory (MB): peak = 1837.312 ; gain = 0.000
INFO: [Common 17-1381] The checkpoint 'C:/Users/santiago/Desktop/Diseno de Sistemas Digitales/actividad7y8/project_1/project_1.runs/impl_1/top_system_opt.dcp' has been generated.
Command: place_design
Attempting to get a license for feature 'Implementation' and/or device 'xc7a35t'
INFO: [Common 17-349] Got license for feature 'Implementation' and/or device 'xc7a35t'
INFO: [Common 17-83] Releasing license: Implementation
INFO: [DRC 23-27] Running DRC with 2 threads
INFO: [Vivado_Tcl 4-198] DRC finished with 0 Errors
INFO: [Vivado_Tcl 4-199] Please refer to the DRC report (report_drc) for more information.
Running DRC as a precondition to command place_design
INFO: [DRC 23-27] Running DRC with 2 threads
INFO: [Vivado_Tcl 4-198] DRC finished with 0 Errors
INFO: [Vivado_Tcl 4-199] Please refer to the DRC report (report_drc) for more information.
INFO: [Place 30-611] Multithreading enabled for place_design using a maximum of 2 CPUs

Starting Placer Task

Phase 1 Placer Initialization

Phase 1.1 Placer Initialization Netlist Sorting
Netlist sorting complete. Time (s): cpu = 00:00:00 ; elapsed = 00:00:00 . Memory (MB): peak = 1837.312 ; gain = 0.000
Phase 1.1 Placer Initialization Netlist Sorting | Checksum: 1b1c7cdbb

Time (s): cpu = 00:00:00 ; elapsed = 00:00:00.002 . Memory (MB): peak = 1837.312 ; gain = 0.000
Netlist sorting complete. Time (s): cpu = 00:00:00 ; elapsed = 00:00:00.001 . Memory (MB): peak = 1837.312 ; gain = 0.000

Phase 1.2 IO Placement/ Clock Placement/ Build Placer Device
INFO: [Timing 38-35] Done setting XDC timing constraints.
Phase 1.2 IO Placement/ Clock Placement/ Build Placer Device | Checksum: 1db62cd75

Time (s): cpu = 00:00:01 ; elapsed = 00:00:00.279 . Memory (MB): peak = 1837.312 ; gain = 0.000

Phase 1.3 Build Placer Netlist Model
Phase 1.3 Build Placer Netlist Model | Checksum: 2ac69c73c

Time (s): cpu = 00:00:01 ; elapsed = 00:00:00.355 . Memory (MB): peak = 1837.312 ; gain = 0.000

Phase 1.4 Constrain Clocks/Macros
Phase 1.4 Constrain Clocks/Macros | Checksum: 2ac69c73c

Time (s): cpu = 00:00:01 ; elapsed = 00:00:00.359 . Memory (MB): peak = 1837.312 ; gain = 0.000
Phase 1 Placer Initialization | Checksum: 2ac69c73c

Time (s): cpu = 00:00:01 ; elapsed = 00:00:00.362 . Memory (MB): peak = 1837.312 ; gain = 0.000

Phase 2 Global Placement

Phase 2.1 Floorplanning
Phase 2.1 Floorplanning | Checksum: 2ac69c73c

Time (s): cpu = 00:00:01 ; elapsed = 00:00:00.365 . Memory (MB): peak = 1837.312 ; gain = 0.000

Phase 2.2 Update Timing before SLR Path Opt
Phase 2.2 Update Timing before SLR Path Opt | Checksum: 2ac69c73c

Time (s): cpu = 00:00:01 ; elapsed = 00:00:00.367 . Memory (MB): peak = 1837.312 ; gain = 0.000

Phase 2.3 Post-Processing in Floorplanning
Phase 2.3 Post-Processing in Floorplanning | Checksum: 2ac69c73c

Time (s): cpu = 00:00:01 ; elapsed = 00:00:00.368 . Memory (MB): peak = 1837.312 ; gain = 0.000

Phase 2.4 Global Place Phase1
Phase 2.4 Global Place Phase1 | Checksum: 2782d6e12

Time (s): cpu = 00:00:01 ; elapsed = 00:00:00.664 . Memory (MB): peak = 1837.312 ; gain = 0.000

Phase 2.5 Global Place Phase2
WARNING: [Place 46-29] Timing had been disabled during Placer and, therefore, physical synthesis in Placer will be skipped.
Phase 2.5 Global Place Phase2 | Checksum: 2cac522b7

Time (s): cpu = 00:00:01 ; elapsed = 00:00:00.718 . Memory (MB): peak = 1837.312 ; gain = 0.000
Phase 2 Global Placement | Checksum: 2cac522b7

Time (s): cpu = 00:00:01 ; elapsed = 00:00:00.720 . Memory (MB): peak = 1837.312 ; gain = 0.000

Phase 3 Detail Placement

Phase 3.1 Commit Multi Column Macros
Phase 3.1 Commit Multi Column Macros | Checksum: 2cac522b7

Time (s): cpu = 00:00:01 ; elapsed = 00:00:00.727 . Memory (MB): peak = 1837.312 ; gain = 0.000

Phase 3.2 Commit Most Macros & LUTRAMs
Phase 3.2 Commit Most Macros & LUTRAMs | Checksum: 251bfd3db

Time (s): cpu = 00:00:01 ; elapsed = 00:00:00.752 . Memory (MB): peak = 1837.312 ; gain = 0.000

Phase 3.3 Area Swap Optimization
Phase 3.3 Area Swap Optimization | Checksum: 2a0fb64ff

Time (s): cpu = 00:00:01 ; elapsed = 00:00:00.762 . Memory (MB): peak = 1837.312 ; gain = 0.000

Phase 3.4 Pipeline Register Optimization
Phase 3.4 Pipeline Register Optimization | Checksum: 2a0fb64ff

Time (s): cpu = 00:00:01 ; elapsed = 00:00:00.765 . Memory (MB): peak = 1837.312 ; gain = 0.000

Phase 3.5 Small Shape Detail Placement
Phase 3.5 Small Shape Detail Placement | Checksum: 1305d3403

Time (s): cpu = 00:00:02 ; elapsed = 00:00:01 . Memory (MB): peak = 1837.312 ; gain = 0.000

Phase 3.6 Re-assign LUT pins
Phase 3.6 Re-assign LUT pins | Checksum: 1305d3403

Time (s): cpu = 00:00:02 ; elapsed = 00:00:01 . Memory (MB): peak = 1837.312 ; gain = 0.000

Phase 3.7 Pipeline Register Optimization
Phase 3.7 Pipeline Register Optimization | Checksum: 1305d3403

Time (s): cpu = 00:00:02 ; elapsed = 00:00:01 . Memory (MB): peak = 1837.312 ; gain = 0.000
Phase 3 Detail Placement | Checksum: 1305d3403

Time (s): cpu = 00:00:02 ; elapsed = 00:00:01 . Memory (MB): peak = 1837.312 ; gain = 0.000

Phase 4 Post Placement Optimization and Clean-Up

Phase 4.1 Post Commit Optimization
Phase 4.1 Post Commit Optimization | Checksum: 1305d3403

Time (s): cpu = 00:00:02 ; elapsed = 00:00:01 . Memory (MB): peak = 1837.312 ; gain = 0.000

Phase 4.2 Post Placement Cleanup
Phase 4.2 Post Placement Cleanup | Checksum: 1305d3403

Time (s): cpu = 00:00:02 ; elapsed = 00:00:01 . Memory (MB): peak = 1837.312 ; gain = 0.000

Phase 4.3 Placer Reporting

Phase 4.3.1 Print Estimated Congestion
INFO: [Place 30-612] Post-Placement Estimated Congestion 
 ____________________________________________________
|           | Global Congestion | Short Congestion  |
| Direction | Region Size       | Region Size       |
|___________|___________________|___________________|
|      North|                1x1|                1x1|
|___________|___________________|___________________|
|      South|                1x1|                1x1|
|___________|___________________|___________________|
|       East|                1x1|                1x1|
|___________|___________________|___________________|
|       West|                1x1|                1x1|
|___________|___________________|___________________|

Phase 4.3.1 Print Estimated Congestion | Checksum: 1305d3403

Time (s): cpu = 00:00:02 ; elapsed = 00:00:01 . Memory (MB): peak = 1837.312 ; gain = 0.000
Phase 4.3 Placer Reporting | Checksum: 1305d3403

Time (s): cpu = 00:00:02 ; elapsed = 00:00:01 . Memory (MB): peak = 1837.312 ; gain = 0.000

Phase 4.4 Final Placement Cleanup
Netlist sorting complete. Time (s): cpu = 00:00:00 ; elapsed = 00:00:00.001 . Memory (MB): peak = 1837.312 ; gain = 0.000

Time (s): cpu = 00:00:02 ; elapsed = 00:00:01 . Memory (MB): peak = 1837.312 ; gain = 0.000
Phase 4 Post Placement Optimization and Clean-Up | Checksum: 14312b9df

Time (s): cpu = 00:00:02 ; elapsed = 00:00:01 . Memory (MB): peak = 1837.312 ; gain = 0.000
Ending Placer Task | Checksum: 13f9c7328

Time (s): cpu = 00:00:02 ; elapsed = 00:00:01 . Memory (MB): peak = 1837.312 ; gain = 0.000
46 Infos, 11 Warnings, 10 Critical Warnings and 0 Errors encountered.
place_design completed successfully
INFO: [Vivado 12-24838] Running report commands "report_control_sets, report_io, report_utilization" in parallel.
Running report generation with 2 threads.
INFO: [Vivado 12-24828] Executing command : report_utilization -file top_system_utilization_placed.rpt -pb top_system_utilization_placed.pb
INFO: [Vivado 12-24828] Executing command : report_control_sets -verbose -file top_system_control_sets_placed.rpt
report_control_sets: Time (s): cpu = 00:00:00 ; elapsed = 00:00:00.010 . Memory (MB): peak = 1837.312 ; gain = 0.000
INFO: [Vivado 12-24828] Executing command : report_io -file top_system_io_placed.rpt
report_io: Time (s): cpu = 00:00:00 ; elapsed = 00:00:00.044 . Memory (MB): peak = 1837.312 ; gain = 0.000
INFO: [Timing 38-480] Writing timing data to binary archive.
Write ShapeDB Complete: Time (s): cpu = 00:00:00 ; elapsed = 00:00:00.014 . Memory (MB): peak = 1837.312 ; gain = 0.000
Wrote PlaceDB: Time (s): cpu = 00:00:00 ; elapsed = 00:00:00.121 . Memory (MB): peak = 1837.312 ; gain = 0.000
Wrote PulsedLatchDB: Time (s): cpu = 00:00:00 ; elapsed = 00:00:00 . Memory (MB): peak = 1837.312 ; gain = 0.000
Writing XDEF routing.
Writing XDEF routing logical nets.
Writing XDEF routing special nets.
Wrote RouteStorage: Time (s): cpu = 00:00:00 ; elapsed = 00:00:00.017 . Memory (MB): peak = 1837.312 ; gain = 0.000
Wrote Netlist Cache: Time (s): cpu = 00:00:00 ; elapsed = 00:00:00.003 . Memory (MB): peak = 1837.312 ; gain = 0.000
Wrote Device Cache: Time (s): cpu = 00:00:00 ; elapsed = 00:00:00.006 . Memory (MB): peak = 1837.312 ; gain = 0.000
Write Physdb Complete: Time (s): cpu = 00:00:01 ; elapsed = 00:00:00.155 . Memory (MB): peak = 1837.312 ; gain = 0.000
INFO: [Common 17-1381] The checkpoint 'C:/Users/santiago/Desktop/Diseno de Sistemas Digitales/actividad7y8/project_1/project_1.runs/impl_1/top_system_placed.dcp' has been generated.
Command: phys_opt_design
Attempting to get a license for feature 'Implementation' and/or device 'xc7a35t'
INFO: [Common 17-349] Got license for feature 'Implementation' and/or device 'xc7a35t'

Starting Initial Update Timing Task

Time (s): cpu = 00:00:00 ; elapsed = 00:00:00.099 . Memory (MB): peak = 1837.312 ; gain = 0.000
INFO: [Vivado_Tcl 4-235] No timing constraint found. The netlist was not modified.
INFO: [Common 17-83] Releasing license: Implementation
55 Infos, 11 Warnings, 10 Critical Warnings and 0 Errors encountered.
phys_opt_design completed successfully
INFO: [Timing 38-480] Writing timing data to binary archive.
Write ShapeDB Complete: Time (s): cpu = 00:00:00 ; elapsed = 00:00:00.011 . Memory (MB): peak = 1853.723 ; gain = 0.020
Wrote PlaceDB: Time (s): cpu = 00:00:00 ; elapsed = 00:00:00.162 . Memory (MB): peak = 1853.723 ; gain = 0.000
Wrote PulsedLatchDB: Time (s): cpu = 00:00:00 ; elapsed = 00:00:00 . Memory (MB): peak = 1853.723 ; gain = 0.000
Writing XDEF routing.
Writing XDEF routing logical nets.
Writing XDEF routing special nets.
Wrote RouteStorage: Time (s): cpu = 00:00:00 ; elapsed = 00:00:00.032 . Memory (MB): peak = 1853.723 ; gain = 0.000
Wrote Netlist Cache: Time (s): cpu = 00:00:00 ; elapsed = 00:00:00.008 . Memory (MB): peak = 1853.723 ; gain = 0.000
Wrote Device Cache: Time (s): cpu = 00:00:00 ; elapsed = 00:00:00.050 . Memory (MB): peak = 1853.723 ; gain = 0.000
Write Physdb Complete: Time (s): cpu = 00:00:00 ; elapsed = 00:00:00.265 . Memory (MB): peak = 1853.723 ; gain = 0.000
INFO: [Common 17-1381] The checkpoint 'C:/Users/santiago/Desktop/Diseno de Sistemas Digitales/actividad7y8/project_1/project_1.runs/impl_1/top_system_physopt.dcp' has been generated.
Command: route_design
Attempting to get a license for feature 'Implementation' and/or device 'xc7a35t'
INFO: [Common 17-349] Got license for feature 'Implementation' and/or device 'xc7a35t'


Starting Routing Task
INFO: [Route 35-254] Multithreading enabled for route_design using a maximum of 2 CPUs

Phase 1 Build RT Design
Checksum: PlaceDB: 360b0e90 ConstDB: 0 ShapeSum: 69100841 RouteDB: a0815c57
Post Restoration Checksum: NetGraph: e6db253b | NumContArr: 1c2de805 | Constraints: c2a8fa9d | Timing: c2a8fa9d
Phase 1 Build RT Design | Checksum: 2885b027a

Time (s): cpu = 00:00:22 ; elapsed = 00:00:20 . Memory (MB): peak = 1933.547 ; gain = 79.816

Phase 2 Router Initialization
INFO: [Route 35-64] No timing constraints were detected. The router will operate in resource-optimization mode.

Phase 2.1 Fix Topology Constraints
Phase 2.1 Fix Topology Constraints | Checksum: 2885b027a

Time (s): cpu = 00:00:22 ; elapsed = 00:00:20 . Memory (MB): peak = 1939.594 ; gain = 85.863

Phase 2.2 Pre Route Cleanup
Phase 2.2 Pre Route Cleanup | Checksum: 2885b027a

Time (s): cpu = 00:00:22 ; elapsed = 00:00:20 . Memory (MB): peak = 1939.594 ; gain = 85.863
 Number of Nodes with overlaps = 0

Router Utilization Summary
  Global Vertical Routing Utilization    = 0 %
  Global Horizontal Routing Utilization  = 0 %
  Routable Net Status*
  *Does not include unroutable nets such as driverless and loadless.
  Run report_route_status for detailed report.
  Number of Failed Nets               = 1453
    (Failed Nets is the sum of unrouted and partially routed nets)
  Number of Unrouted Nets             = 1453
  Number of Partially Routed Nets     = 0
  Number of Node Overlaps             = 0

Phase 2 Router Initialization | Checksum: 2af2f3e85

Time (s): cpu = 00:00:22 ; elapsed = 00:00:20 . Memory (MB): peak = 1955.945 ; gain = 102.215

Phase 3 Global Routing
Phase 3 Global Routing | Checksum: 2af2f3e85

Time (s): cpu = 00:00:22 ; elapsed = 00:00:20 . Memory (MB): peak = 1955.945 ; gain = 102.215

Phase 4 Initial Routing

Phase 4.1 Initial Net Routing Pass
Phase 4.1 Initial Net Routing Pass | Checksum: 23e7f5b14

Time (s): cpu = 00:00:22 ; elapsed = 00:00:20 . Memory (MB): peak = 1955.945 ; gain = 102.215
Phase 4 Initial Routing | Checksum: 23e7f5b14

Time (s): cpu = 00:00:22 ; elapsed = 00:00:20 . Memory (MB): peak = 1955.945 ; gain = 102.215

Phase 5 Rip-up And Reroute

Phase 5.1 Global Iteration 0
 Number of Nodes with overlaps = 60
 Number of Nodes with overlaps = 0
Phase 5.1 Global Iteration 0 | Checksum: 2ceb0a8d5

Time (s): cpu = 00:00:23 ; elapsed = 00:00:20 . Memory (MB): peak = 1955.945 ; gain = 102.215
Phase 5 Rip-up And Reroute | Checksum: 2ceb0a8d5

Time (s): cpu = 00:00:23 ; elapsed = 00:00:20 . Memory (MB): peak = 1955.945 ; gain = 102.215

Phase 6 Delay and Skew Optimization
Phase 6 Delay and Skew Optimization | Checksum: 2ceb0a8d5

Time (s): cpu = 00:00:23 ; elapsed = 00:00:20 . Memory (MB): peak = 1955.945 ; gain = 102.215

Phase 7 Post Hold Fix

Phase 7.1 Hold Fix Iter
Phase 7.1 Hold Fix Iter | Checksum: 2ceb0a8d5

Time (s): cpu = 00:00:23 ; elapsed = 00:00:20 . Memory (MB): peak = 1955.945 ; gain = 102.215
Phase 7 Post Hold Fix | Checksum: 2ceb0a8d5

Time (s): cpu = 00:00:23 ; elapsed = 00:00:20 . Memory (MB): peak = 1955.945 ; gain = 102.215

Phase 8 Route finalize

Router Utilization Summary
  Global Vertical Routing Utilization    = 0.222913 %
  Global Horizontal Routing Utilization  = 0.218766 %
  Routable Net Status*
  *Does not include unroutable nets such as driverless and loadless.
  Run report_route_status for detailed report.
  Number of Failed Nets               = 0
    (Failed Nets is the sum of unrouted and partially routed nets)
  Number of Unrouted Nets             = 0
  Number of Partially Routed Nets     = 0
  Number of Node Overlaps             = 0


--GLOBAL Congestion:
Utilization threshold used for congestion level computation: 0.85
Congestion Report
North Dir 1x1 Area, Max Cong = 17.1171%, No Congested Regions.
South Dir 1x1 Area, Max Cong = 27.9279%, No Congested Regions.
East Dir 1x1 Area, Max Cong = 27.9412%, No Congested Regions.
West Dir 1x1 Area, Max Cong = 19.1176%, No Congested Regions.

------------------------------
Reporting congestion hotspots
------------------------------
Direction: North
----------------
Congested clusters found at Level 0
Effective congestion level: 0 Aspect Ratio: 1 Sparse Ratio: 0
Direction: South
----------------
Congested clusters found at Level 0
Effective congestion level: 0 Aspect Ratio: 1 Sparse Ratio: 0
Direction: East
----------------
Congested clusters found at Level 0
Effective congestion level: 0 Aspect Ratio: 1 Sparse Ratio: 0
Direction: West
----------------
Congested clusters found at Level 0
Effective congestion level: 0 Aspect Ratio: 1 Sparse Ratio: 0

Phase 8 Route finalize | Checksum: 2ceb0a8d5

Time (s): cpu = 00:00:23 ; elapsed = 00:00:20 . Memory (MB): peak = 1955.945 ; gain = 102.215

Phase 9 Verifying routed nets

 Verification completed successfully
Phase 9 Verifying routed nets | Checksum: 2ceb0a8d5

Time (s): cpu = 00:00:23 ; elapsed = 00:00:20 . Memory (MB): peak = 1955.945 ; gain = 102.215

Phase 10 Depositing Routes
Phase 10 Depositing Routes | Checksum: 2d43d2e70

Time (s): cpu = 00:00:23 ; elapsed = 00:00:20 . Memory (MB): peak = 1955.945 ; gain = 102.215

Phase 11 Post Process Routing
Phase 11 Post Process Routing | Checksum: 2d43d2e70

Time (s): cpu = 00:00:23 ; elapsed = 00:00:20 . Memory (MB): peak = 1955.945 ; gain = 102.215
Total Elapsed time in route_design: 20.317 secs

Phase 12 Post-Route Event Processing
Phase 12 Post-Route Event Processing | Checksum: 19ad94907

Time (s): cpu = 00:00:23 ; elapsed = 00:00:20 . Memory (MB): peak = 1955.945 ; gain = 102.215
INFO: [Route 35-16] Router Completed Successfully
Ending Routing Task | Checksum: 19ad94907

Time (s): cpu = 00:00:23 ; elapsed = 00:00:20 . Memory (MB): peak = 1955.945 ; gain = 102.215

Routing Is Done.
INFO: [Common 17-83] Releasing license: Implementation
62 Infos, 11 Warnings, 10 Critical Warnings and 0 Errors encountered.
route_design completed successfully
route_design: Time (s): cpu = 00:00:23 ; elapsed = 00:00:20 . Memory (MB): peak = 1955.945 ; gain = 102.223
INFO: [Vivado 12-24828] Executing command : report_drc -file top_system_drc_routed.rpt -pb top_system_drc_routed.pb -rpx top_system_drc_routed.rpx
Command: report_drc -file top_system_drc_routed.rpt -pb top_system_drc_routed.pb -rpx top_system_drc_routed.rpx
INFO: [IP_Flow 19-1839] IP Catalog is up to date.
INFO: [DRC 23-27] Running DRC with 2 threads
INFO: [Vivado_Tcl 2-168] The results of DRC are in file C:/Users/santiago/Desktop/Diseno de Sistemas Digitales/actividad7y8/project_1/project_1.runs/impl_1/top_system_drc_routed.rpt.
report_drc completed successfully
INFO: [Vivado 12-24828] Executing command : report_methodology -file top_system_methodology_drc_routed.rpt -pb top_system_methodology_drc_routed.pb -rpx top_system_methodology_drc_routed.rpx
Command: report_methodology -file top_system_methodology_drc_routed.rpt -pb top_system_methodology_drc_routed.pb -rpx top_system_methodology_drc_routed.rpx
INFO: [Timing 38-35] Done setting XDC timing constraints.
INFO: [DRC 23-133] Running Methodology with 2 threads
INFO: [Vivado_Tcl 2-1520] The results of Report Methodology are in file C:/Users/santiago/Desktop/Diseno de Sistemas Digitales/actividad7y8/project_1/project_1.runs/impl_1/top_system_methodology_drc_routed.rpt.
report_methodology completed successfully
INFO: [Vivado 12-24828] Executing command : report_timing_summary -max_paths 10 -routable_nets -report_unconstrained -file top_system_timing_summary_routed.rpt -pb top_system_timing_summary_routed.pb -rpx top_system_timing_summary_routed.rpx -warn_on_violation 
INFO: [Timing 38-35] Done setting XDC timing constraints.
INFO: [Timing 38-91] UpdateTimingParams: Speed grade: -1, Delay Type: min_max.
INFO: [Timing 38-191] Multithreading enabled for timing update using a maximum of 2 CPUs
WARNING: [Timing 38-313] There are no user specified timing constraints. Timing constraints are needed for proper timing analysis.
INFO: [Vivado 12-24838] Running report commands "report_incremental_reuse, report_route_status" in parallel.
Running report generation with 2 threads.
INFO: [Vivado 12-24828] Executing command : report_incremental_reuse -file top_system_incremental_reuse_routed.rpt
INFO: [Vivado_Tcl 4-1062] Incremental flow is disabled. No incremental reuse Info to report.
INFO: [Vivado 12-24828] Executing command : report_route_status -file top_system_route_status.rpt -pb top_system_route_status.pb
INFO: [Vivado 12-24828] Executing command : report_power -file top_system_power_routed.rpt -pb top_system_power_summary_routed.pb -rpx top_system_power_routed.rpx
Command: report_power -file top_system_power_routed.rpt -pb top_system_power_summary_routed.pb -rpx top_system_power_routed.rpx
WARNING: [Power 33-232] No user defined clocks were found in the design! Power estimation will be inaccurate until this is corrected.
Resolution: Please specify clocks using create_clock/create_generated_clock for sequential elements. For pure combinatorial circuits, please specify a virtual clock, otherwise the vectorless estimation might be inaccurate
Running Vector-less Activity Propagation...

Finished Running Vector-less Activity Propagation
79 Infos, 13 Warnings, 10 Critical Warnings and 0 Errors encountered.
report_power completed successfully
INFO: [Vivado 12-24828] Executing command : report_clock_utilization -file top_system_clock_utilization_routed.rpt
INFO: [Vivado 12-24828] Executing command : report_bus_skew -warn_on_violation -file top_system_bus_skew_routed.rpt -pb top_system_bus_skew_routed.pb -rpx top_system_bus_skew_routed.rpx
INFO: [Timing 38-91] UpdateTimingParams: Speed grade: -1, Delay Type: min_max.
INFO: [Timing 38-191] Multithreading enabled for timing update using a maximum of 2 CPUs
generate_parallel_reports: Time (s): cpu = 00:00:15 ; elapsed = 00:00:08 . Memory (MB): peak = 2030.312 ; gain = 74.367
INFO: [Timing 38-480] Writing timing data to binary archive.
Write ShapeDB Complete: Time (s): cpu = 00:00:00 ; elapsed = 00:00:00.011 . Memory (MB): peak = 2030.312 ; gain = 0.000
Wrote PlaceDB: Time (s): cpu = 00:00:00 ; elapsed = 00:00:00.119 . Memory (MB): peak = 2030.312 ; gain = 0.000
Wrote PulsedLatchDB: Time (s): cpu = 00:00:00 ; elapsed = 00:00:00 . Memory (MB): peak = 2030.312 ; gain = 0.000
Writing XDEF routing.
Writing XDEF routing logical nets.
Writing XDEF routing special nets.
Wrote RouteStorage: Time (s): cpu = 00:00:00 ; elapsed = 00:00:00.033 . Memory (MB): peak = 2030.312 ; gain = 0.000
Wrote Netlist Cache: Time (s): cpu = 00:00:00 ; elapsed = 00:00:00.004 . Memory (MB): peak = 2030.312 ; gain = 0.000
Wrote Device Cache: Time (s): cpu = 00:00:00 ; elapsed = 00:00:00.008 . Memory (MB): peak = 2030.312 ; gain = 0.000
Write Physdb Complete: Time (s): cpu = 00:00:00 ; elapsed = 00:00:00.172 . Memory (MB): peak = 2030.312 ; gain = 0.000
INFO: [Common 17-1381] The checkpoint 'C:/Users/santiago/Desktop/Diseno de Sistemas Digitales/actividad7y8/project_1/project_1.runs/impl_1/top_system_routed.dcp' has been generated.
Command: write_bitstream -force top_system.bit
Attempting to get a license for feature 'Implementation' and/or device 'xc7a35t'
INFO: [Common 17-349] Got license for feature 'Implementation' and/or device 'xc7a35t'
Running DRC as a precondition to command write_bitstream
INFO: [IP_Flow 19-1839] IP Catalog is up to date.
INFO: [DRC 23-27] Running DRC with 2 threads
INFO: [Vivado 12-3199] DRC finished with 0 Errors
INFO: [Vivado 12-3200] Please refer to the DRC report (report_drc) for more information.
INFO: [Designutils 20-2272] Running write_bitstream with 2 threads.
Loading data files...
Loading site data...
Loading route data...
Processing options...
Creating bitmap...
Creating bitstream...
Bitstream compression saved 14858048 bits.
Writing bitstream ./top_system.bit...
INFO: [Vivado 12-1842] Bitgen Completed Successfully.
INFO: [Project 1-1876] WebTalk data collection is mandatory when using a ULT device. To see the specific WebTalk data collected for your design, open the usage_statistics_webtalk.html or usage_statistics_webtalk.xml file in the implementation directory.
INFO: [Common 17-83] Releasing license: Implementation
94 Infos, 13 Warnings, 10 Critical Warnings and 0 Errors encountered.
write_bitstream completed successfully
write_bitstream: Time (s): cpu = 00:00:15 ; elapsed = 00:00:10 . Memory (MB): peak = 2530.723 ; gain = 500.410
INFO: [Common 17-206] Exiting Vivado at Tue Dec  9 20:44:38 2025...
